2025-12-06 17:12:11 INFO Starting DiscoveryServiceApplication using Java 21.0.9 with PID 27144 (C:\Users\ptora\Documents\GitHub\CafeProject\backend\discovery-service\target\classes started by ptora in C:\Users\ptora\Documents\GitHub\CafeProject)
2025-12-06 17:12:11 INFO No active profile set, falling back to 1 default profile: "default"
2025-12-06 17:12:11 WARN Exception encountered during context initialization - cancelling refresh attempt: org.springframework.beans.factory.BeanDefinitionStoreException: Failed to process import candidates for configuration class [com.project.discoveryservice.DiscoveryServiceApplication]: Could not find class [org.springframework.boot.thread.Threading]
2025-12-06 17:12:11 INFO 

Error starting ApplicationContext. To display the condition evaluation report re-run your application with 'debug' enabled.
2025-12-06 17:12:11 ERROR Application run failed
org.springframework.beans.factory.BeanDefinitionStoreException: Failed to process import candidates for configuration class [com.project.discoveryservice.DiscoveryServiceApplication]: Could not find class [org.springframework.boot.thread.Threading]
	at org.springframework.context.annotation.ConfigurationClassParser.processImports(ConfigurationClassParser.java:613) ~[spring-context-6.2.0.jar:6.2.0]
	at org.springframework.context.annotation.ConfigurationClassParser$DeferredImportSelectorGroupingHandler.lambda$processGroupImports$1(ConfigurationClassParser.java:836) ~[spring-context-6.2.0.jar:6.2.0]
	at java.base/java.lang.Iterable.forEach(Iterable.java:75) ~[?:?]
	at org.springframework.context.annotation.ConfigurationClassParser$DeferredImportSelectorGroupingHandler.processGroupImports(ConfigurationClassParser.java:833) ~[spring-context-6.2.0.jar:6.2.0]
	at org.springframework.context.annotation.ConfigurationClassParser$DeferredImportSelectorHandler.process(ConfigurationClassParser.java:803) ~[spring-context-6.2.0.jar:6.2.0]
	at org.springframework.context.annotation.ConfigurationClassParser.parse(ConfigurationClassParser.java:189) ~[spring-context-6.2.0.jar:6.2.0]
	at org.springframework.context.annotation.ConfigurationClassPostProcessor.processConfigBeanDefinitions(ConfigurationClassPostProcessor.java:418) ~[spring-context-6.2.0.jar:6.2.0]
	at org.springframework.context.annotation.ConfigurationClassPostProcessor.postProcessBeanDefinitionRegistry(ConfigurationClassPostProcessor.java:290) ~[spring-context-6.2.0.jar:6.2.0]
	at org.springframework.context.support.PostProcessorRegistrationDelegate.invokeBeanDefinitionRegistryPostProcessors(PostProcessorRegistrationDelegate.java:349) ~[spring-context-6.2.0.jar:6.2.0]
	at org.springframework.context.support.PostProcessorRegistrationDelegate.invokeBeanFactoryPostProcessors(PostProcessorRegistrationDelegate.java:118) ~[spring-context-6.2.0.jar:6.2.0]
	at org.springframework.context.support.AbstractApplicationContext.invokeBeanFactoryPostProcessors(AbstractApplicationContext.java:791) ~[spring-context-6.2.0.jar:6.2.0]
	at org.springframework.context.support.AbstractApplicationContext.refresh(AbstractApplicationContext.java:609) ~[spring-context-6.2.0.jar:6.2.0]
	at org.springframework.boot.web.servlet.context.ServletWebServerApplicationContext.refresh(ServletWebServerApplicationContext.java:146) ~[spring-boot-3.4.0.jar:3.4.0]
	at org.springframework.boot.SpringApplication.refresh(SpringApplication.java:752) [spring-boot-3.4.0.jar:3.4.0]
	at org.springframework.boot.SpringApplication.refreshContext(SpringApplication.java:439) [spring-boot-3.4.0.jar:3.4.0]
	at org.springframework.boot.SpringApplication.run(SpringApplication.java:318) [spring-boot-3.4.0.jar:3.4.0]
	at org.springframework.boot.SpringApplication.run(SpringApplication.java:1361) [spring-boot-3.4.0.jar:3.4.0]
	at org.springframework.boot.SpringApplication.run(SpringApplication.java:1350) [spring-boot-3.4.0.jar:3.4.0]
	at com.project.discoveryservice.DiscoveryServiceApplication.main(DiscoveryServiceApplication.java:12) [classes/:?]
Caused by: java.lang.IllegalArgumentException: Could not find class [org.springframework.boot.thread.Threading]
	at org.springframework.util.ClassUtils.resolveClassName(ClassUtils.java:372) ~[spring-core-6.2.0.jar:6.2.0]
	at org.springframework.core.type.classreading.MergedAnnotationReadingVisitor.visitEnum(MergedAnnotationReadingVisitor.java:106) ~[spring-core-6.2.0.jar:6.2.0]
	at org.springframework.core.type.classreading.MergedAnnotationReadingVisitor.visitEnum(MergedAnnotationReadingVisitor.java:80) ~[spring-core-6.2.0.jar:6.2.0]
	at org.springframework.asm.ClassReader.readElementValue(ClassReader.java:3094) ~[spring-core-6.2.0.jar:6.2.0]
	at org.springframework.asm.ClassReader.readElementValues(ClassReader.java:3013) ~[spring-core-6.2.0.jar:6.2.0]
	at org.springframework.asm.ClassReader.readMethod(ClassReader.java:1416) ~[spring-core-6.2.0.jar:6.2.0]
	at org.springframework.asm.ClassReader.accept(ClassReader.java:747) ~[spring-core-6.2.0.jar:6.2.0]
	at org.springframework.asm.ClassReader.accept(ClassReader.java:427) ~[spring-core-6.2.0.jar:6.2.0]
	at org.springframework.core.type.classreading.SimpleMetadataReader.<init>(SimpleMetadataReader.java:48) ~[spring-core-6.2.0.jar:6.2.0]
	at org.springframework.core.type.classreading.SimpleMetadataReaderFactory.getMetadataReader(SimpleMetadataReaderFactory.java:103) ~[spring-core-6.2.0.jar:6.2.0]
	at org.springframework.core.type.classreading.CachingMetadataReaderFactory.getMetadataReader(CachingMetadataReaderFactory.java:122) ~[spring-core-6.2.0.jar:6.2.0]
	at org.springframework.core.type.classreading.SimpleMetadataReaderFactory.getMetadataReader(SimpleMetadataReaderFactory.java:81) ~[spring-core-6.2.0.jar:6.2.0]
	at org.springframework.context.annotation.ConfigurationClassParser.asSourceClass(ConfigurationClassParser.java:697) ~[spring-context-6.2.0.jar:6.2.0]
	at org.springframework.context.annotation.ConfigurationClassParser$SourceClass.getRelated(ConfigurationClassParser.java:1111) ~[spring-context-6.2.0.jar:6.2.0]
	at org.springframework.context.annotation.ConfigurationClassParser$SourceClass.getAnnotationAttributes(ConfigurationClassParser.java:1092) ~[spring-context-6.2.0.jar:6.2.0]
	at org.springframework.context.annotation.ConfigurationClassParser.collectImports(ConfigurationClassParser.java:553) ~[spring-context-6.2.0.jar:6.2.0]
	at org.springframework.context.annotation.ConfigurationClassParser.getImports(ConfigurationClassParser.java:526) ~[spring-context-6.2.0.jar:6.2.0]
	at org.springframework.context.annotation.ConfigurationClassParser.doProcessConfigurationClass(ConfigurationClassParser.java:347) ~[spring-context-6.2.0.jar:6.2.0]
	at org.springframework.context.annotation.ConfigurationClassParser.processConfigurationClass(ConfigurationClassParser.java:267) ~[spring-context-6.2.0.jar:6.2.0]
	at org.springframework.context.annotation.ConfigurationClassParser.processImports(ConfigurationClassParser.java:603) ~[spring-context-6.2.0.jar:6.2.0]
	... 18 more
Caused by: java.lang.ClassNotFoundException: org.springframework.boot.thread.Threading
	at java.base/jdk.internal.loader.BuiltinClassLoader.loadClass(BuiltinClassLoader.java:641) ~[?:?]
	at java.base/jdk.internal.loader.ClassLoaders$AppClassLoader.loadClass(ClassLoaders.java:188) ~[?:?]
	at java.base/java.lang.ClassLoader.loadClass(ClassLoader.java:526) ~[?:?]
	at java.base/java.lang.Class.forName0(Native Method) ~[?:?]
	at java.base/java.lang.Class.forName(Class.java:536) ~[?:?]
	at java.base/java.lang.Class.forName(Class.java:515) ~[?:?]
	at org.springframework.util.ClassUtils.forName(ClassUtils.java:321) ~[spring-core-6.2.0.jar:6.2.0]
	at org.springframework.util.ClassUtils.resolveClassName(ClassUtils.java:362) ~[spring-core-6.2.0.jar:6.2.0]
	at org.springframework.core.type.classreading.MergedAnnotationReadingVisitor.visitEnum(MergedAnnotationReadingVisitor.java:106) ~[spring-core-6.2.0.jar:6.2.0]
	at org.springframework.core.type.classreading.MergedAnnotationReadingVisitor.visitEnum(MergedAnnotationReadingVisitor.java:80) ~[spring-core-6.2.0.jar:6.2.0]
	at org.springframework.asm.ClassReader.readElementValue(ClassReader.java:3094) ~[spring-core-6.2.0.jar:6.2.0]
	at org.springframework.asm.ClassReader.readElementValues(ClassReader.java:3013) ~[spring-core-6.2.0.jar:6.2.0]
	at org.springframework.asm.ClassReader.readMethod(ClassReader.java:1416) ~[spring-core-6.2.0.jar:6.2.0]
	at org.springframework.asm.ClassReader.accept(ClassReader.java:747) ~[spring-core-6.2.0.jar:6.2.0]
	at org.springframework.asm.ClassReader.accept(ClassReader.java:427) ~[spring-core-6.2.0.jar:6.2.0]
	at org.springframework.core.type.classreading.SimpleMetadataReader.<init>(SimpleMetadataReader.java:48) ~[spring-core-6.2.0.jar:6.2.0]
	at org.springframework.core.type.classreading.SimpleMetadataReaderFactory.getMetadataReader(SimpleMetadataReaderFactory.java:103) ~[spring-core-6.2.0.jar:6.2.0]
	at org.springframework.core.type.classreading.CachingMetadataReaderFactory.getMetadataReader(CachingMetadataReaderFactory.java:122) ~[spring-core-6.2.0.jar:6.2.0]
	at org.springframework.core.type.classreading.SimpleMetadataReaderFactory.getMetadataReader(SimpleMetadataReaderFactory.java:81) ~[spring-core-6.2.0.jar:6.2.0]
	at org.springframework.context.annotation.ConfigurationClassParser.asSourceClass(ConfigurationClassParser.java:697) ~[spring-context-6.2.0.jar:6.2.0]
	at org.springframework.context.annotation.ConfigurationClassParser$SourceClass.getRelated(ConfigurationClassParser.java:1111) ~[spring-context-6.2.0.jar:6.2.0]
	at org.springframework.context.annotation.ConfigurationClassParser$SourceClass.getAnnotationAttributes(ConfigurationClassParser.java:1092) ~[spring-context-6.2.0.jar:6.2.0]
	at org.springframework.context.annotation.ConfigurationClassParser.collectImports(ConfigurationClassParser.java:553) ~[spring-context-6.2.0.jar:6.2.0]
	at org.springframework.context.annotation.ConfigurationClassParser.getImports(ConfigurationClassParser.java:526) ~[spring-context-6.2.0.jar:6.2.0]
	at org.springframework.context.annotation.ConfigurationClassParser.doProcessConfigurationClass(ConfigurationClassParser.java:347) ~[spring-context-6.2.0.jar:6.2.0]
	at org.springframework.context.annotation.ConfigurationClassParser.processConfigurationClass(ConfigurationClassParser.java:267) ~[spring-context-6.2.0.jar:6.2.0]
	at org.springframework.context.annotation.ConfigurationClassParser.processImports(ConfigurationClassParser.java:603) ~[spring-context-6.2.0.jar:6.2.0]
	... 18 more
2025-12-06 17:32:02 INFO Starting DiscoveryServiceApplication using Java 21.0.9 with PID 14924 (C:\Users\ptora\Documents\GitHub\CafeProject\backend\discovery-service\target\classes started by ptora in C:\Users\ptora\Documents\GitHub\CafeProject)
2025-12-06 17:32:02 INFO No active profile set, falling back to 1 default profile: "default"
2025-12-06 17:32:02 WARN Exception encountered during context initialization - cancelling refresh attempt: org.springframework.beans.factory.BeanDefinitionStoreException: Failed to process import candidates for configuration class [com.project.discoveryservice.DiscoveryServiceApplication]: Could not find class [org.springframework.boot.thread.Threading]
2025-12-06 17:32:02 INFO 

Error starting ApplicationContext. To display the condition evaluation report re-run your application with 'debug' enabled.
2025-12-06 17:32:02 ERROR Application run failed
org.springframework.beans.factory.BeanDefinitionStoreException: Failed to process import candidates for configuration class [com.project.discoveryservice.DiscoveryServiceApplication]: Could not find class [org.springframework.boot.thread.Threading]
	at org.springframework.context.annotation.ConfigurationClassParser.processImports(ConfigurationClassParser.java:613) ~[spring-context-6.2.0.jar:6.2.0]
	at org.springframework.context.annotation.ConfigurationClassParser$DeferredImportSelectorGroupingHandler.lambda$processGroupImports$1(ConfigurationClassParser.java:836) ~[spring-context-6.2.0.jar:6.2.0]
	at java.base/java.lang.Iterable.forEach(Iterable.java:75) ~[?:?]
	at org.springframework.context.annotation.ConfigurationClassParser$DeferredImportSelectorGroupingHandler.processGroupImports(ConfigurationClassParser.java:833) ~[spring-context-6.2.0.jar:6.2.0]
	at org.springframework.context.annotation.ConfigurationClassParser$DeferredImportSelectorHandler.process(ConfigurationClassParser.java:803) ~[spring-context-6.2.0.jar:6.2.0]
	at org.springframework.context.annotation.ConfigurationClassParser.parse(ConfigurationClassParser.java:189) ~[spring-context-6.2.0.jar:6.2.0]
	at org.springframework.context.annotation.ConfigurationClassPostProcessor.processConfigBeanDefinitions(ConfigurationClassPostProcessor.java:418) ~[spring-context-6.2.0.jar:6.2.0]
	at org.springframework.context.annotation.ConfigurationClassPostProcessor.postProcessBeanDefinitionRegistry(ConfigurationClassPostProcessor.java:290) ~[spring-context-6.2.0.jar:6.2.0]
	at org.springframework.context.support.PostProcessorRegistrationDelegate.invokeBeanDefinitionRegistryPostProcessors(PostProcessorRegistrationDelegate.java:349) ~[spring-context-6.2.0.jar:6.2.0]
	at org.springframework.context.support.PostProcessorRegistrationDelegate.invokeBeanFactoryPostProcessors(PostProcessorRegistrationDelegate.java:118) ~[spring-context-6.2.0.jar:6.2.0]
	at org.springframework.context.support.AbstractApplicationContext.invokeBeanFactoryPostProcessors(AbstractApplicationContext.java:791) ~[spring-context-6.2.0.jar:6.2.0]
	at org.springframework.context.support.AbstractApplicationContext.refresh(AbstractApplicationContext.java:609) ~[spring-context-6.2.0.jar:6.2.0]
	at org.springframework.boot.web.servlet.context.ServletWebServerApplicationContext.refresh(ServletWebServerApplicationContext.java:146) ~[spring-boot-3.4.0.jar:3.4.0]
	at org.springframework.boot.SpringApplication.refresh(SpringApplication.java:752) [spring-boot-3.4.0.jar:3.4.0]
	at org.springframework.boot.SpringApplication.refreshContext(SpringApplication.java:439) [spring-boot-3.4.0.jar:3.4.0]
	at org.springframework.boot.SpringApplication.run(SpringApplication.java:318) [spring-boot-3.4.0.jar:3.4.0]
	at org.springframework.boot.SpringApplication.run(SpringApplication.java:1361) [spring-boot-3.4.0.jar:3.4.0]
	at org.springframework.boot.SpringApplication.run(SpringApplication.java:1350) [spring-boot-3.4.0.jar:3.4.0]
	at com.project.discoveryservice.DiscoveryServiceApplication.main(DiscoveryServiceApplication.java:12) [classes/:?]
Caused by: java.lang.IllegalArgumentException: Could not find class [org.springframework.boot.thread.Threading]
	at org.springframework.util.ClassUtils.resolveClassName(ClassUtils.java:372) ~[spring-core-6.2.0.jar:6.2.0]
	at org.springframework.core.type.classreading.MergedAnnotationReadingVisitor.visitEnum(MergedAnnotationReadingVisitor.java:106) ~[spring-core-6.2.0.jar:6.2.0]
	at org.springframework.core.type.classreading.MergedAnnotationReadingVisitor.visitEnum(MergedAnnotationReadingVisitor.java:80) ~[spring-core-6.2.0.jar:6.2.0]
	at org.springframework.asm.ClassReader.readElementValue(ClassReader.java:3094) ~[spring-core-6.2.0.jar:6.2.0]
	at org.springframework.asm.ClassReader.readElementValues(ClassReader.java:3013) ~[spring-core-6.2.0.jar:6.2.0]
	at org.springframework.asm.ClassReader.readMethod(ClassReader.java:1416) ~[spring-core-6.2.0.jar:6.2.0]
	at org.springframework.asm.ClassReader.accept(ClassReader.java:747) ~[spring-core-6.2.0.jar:6.2.0]
	at org.springframework.asm.ClassReader.accept(ClassReader.java:427) ~[spring-core-6.2.0.jar:6.2.0]
	at org.springframework.core.type.classreading.SimpleMetadataReader.<init>(SimpleMetadataReader.java:48) ~[spring-core-6.2.0.jar:6.2.0]
	at org.springframework.core.type.classreading.SimpleMetadataReaderFactory.getMetadataReader(SimpleMetadataReaderFactory.java:103) ~[spring-core-6.2.0.jar:6.2.0]
	at org.springframework.core.type.classreading.CachingMetadataReaderFactory.getMetadataReader(CachingMetadataReaderFactory.java:122) ~[spring-core-6.2.0.jar:6.2.0]
	at org.springframework.core.type.classreading.SimpleMetadataReaderFactory.getMetadataReader(SimpleMetadataReaderFactory.java:81) ~[spring-core-6.2.0.jar:6.2.0]
	at org.springframework.context.annotation.ConfigurationClassParser.asSourceClass(ConfigurationClassParser.java:697) ~[spring-context-6.2.0.jar:6.2.0]
	at org.springframework.context.annotation.ConfigurationClassParser$SourceClass.getRelated(ConfigurationClassParser.java:1111) ~[spring-context-6.2.0.jar:6.2.0]
	at org.springframework.context.annotation.ConfigurationClassParser$SourceClass.getAnnotationAttributes(ConfigurationClassParser.java:1092) ~[spring-context-6.2.0.jar:6.2.0]
	at org.springframework.context.annotation.ConfigurationClassParser.collectImports(ConfigurationClassParser.java:553) ~[spring-context-6.2.0.jar:6.2.0]
	at org.springframework.context.annotation.ConfigurationClassParser.getImports(ConfigurationClassParser.java:526) ~[spring-context-6.2.0.jar:6.2.0]
	at org.springframework.context.annotation.ConfigurationClassParser.doProcessConfigurationClass(ConfigurationClassParser.java:347) ~[spring-context-6.2.0.jar:6.2.0]
	at org.springframework.context.annotation.ConfigurationClassParser.processConfigurationClass(ConfigurationClassParser.java:267) ~[spring-context-6.2.0.jar:6.2.0]
	at org.springframework.context.annotation.ConfigurationClassParser.processImports(ConfigurationClassParser.java:603) ~[spring-context-6.2.0.jar:6.2.0]
	... 18 more
Caused by: java.lang.ClassNotFoundException: org.springframework.boot.thread.Threading
	at java.base/jdk.internal.loader.BuiltinClassLoader.loadClass(BuiltinClassLoader.java:641) ~[?:?]
	at java.base/jdk.internal.loader.ClassLoaders$AppClassLoader.loadClass(ClassLoaders.java:188) ~[?:?]
	at java.base/java.lang.ClassLoader.loadClass(ClassLoader.java:526) ~[?:?]
	at java.base/java.lang.Class.forName0(Native Method) ~[?:?]
	at java.base/java.lang.Class.forName(Class.java:536) ~[?:?]
	at java.base/java.lang.Class.forName(Class.java:515) ~[?:?]
	at org.springframework.util.ClassUtils.forName(ClassUtils.java:321) ~[spring-core-6.2.0.jar:6.2.0]
	at org.springframework.util.ClassUtils.resolveClassName(ClassUtils.java:362) ~[spring-core-6.2.0.jar:6.2.0]
	at org.springframework.core.type.classreading.MergedAnnotationReadingVisitor.visitEnum(MergedAnnotationReadingVisitor.java:106) ~[spring-core-6.2.0.jar:6.2.0]
	at org.springframework.core.type.classreading.MergedAnnotationReadingVisitor.visitEnum(MergedAnnotationReadingVisitor.java:80) ~[spring-core-6.2.0.jar:6.2.0]
	at org.springframework.asm.ClassReader.readElementValue(ClassReader.java:3094) ~[spring-core-6.2.0.jar:6.2.0]
	at org.springframework.asm.ClassReader.readElementValues(ClassReader.java:3013) ~[spring-core-6.2.0.jar:6.2.0]
	at org.springframework.asm.ClassReader.readMethod(ClassReader.java:1416) ~[spring-core-6.2.0.jar:6.2.0]
	at org.springframework.asm.ClassReader.accept(ClassReader.java:747) ~[spring-core-6.2.0.jar:6.2.0]
	at org.springframework.asm.ClassReader.accept(ClassReader.java:427) ~[spring-core-6.2.0.jar:6.2.0]
	at org.springframework.core.type.classreading.SimpleMetadataReader.<init>(SimpleMetadataReader.java:48) ~[spring-core-6.2.0.jar:6.2.0]
	at org.springframework.core.type.classreading.SimpleMetadataReaderFactory.getMetadataReader(SimpleMetadataReaderFactory.java:103) ~[spring-core-6.2.0.jar:6.2.0]
	at org.springframework.core.type.classreading.CachingMetadataReaderFactory.getMetadataReader(CachingMetadataReaderFactory.java:122) ~[spring-core-6.2.0.jar:6.2.0]
	at org.springframework.core.type.classreading.SimpleMetadataReaderFactory.getMetadataReader(SimpleMetadataReaderFactory.java:81) ~[spring-core-6.2.0.jar:6.2.0]
	at org.springframework.context.annotation.ConfigurationClassParser.asSourceClass(ConfigurationClassParser.java:697) ~[spring-context-6.2.0.jar:6.2.0]
	at org.springframework.context.annotation.ConfigurationClassParser$SourceClass.getRelated(ConfigurationClassParser.java:1111) ~[spring-context-6.2.0.jar:6.2.0]
	at org.springframework.context.annotation.ConfigurationClassParser$SourceClass.getAnnotationAttributes(ConfigurationClassParser.java:1092) ~[spring-context-6.2.0.jar:6.2.0]
	at org.springframework.context.annotation.ConfigurationClassParser.collectImports(ConfigurationClassParser.java:553) ~[spring-context-6.2.0.jar:6.2.0]
	at org.springframework.context.annotation.ConfigurationClassParser.getImports(ConfigurationClassParser.java:526) ~[spring-context-6.2.0.jar:6.2.0]
	at org.springframework.context.annotation.ConfigurationClassParser.doProcessConfigurationClass(ConfigurationClassParser.java:347) ~[spring-context-6.2.0.jar:6.2.0]
	at org.springframework.context.annotation.ConfigurationClassParser.processConfigurationClass(ConfigurationClassParser.java:267) ~[spring-context-6.2.0.jar:6.2.0]
	at org.springframework.context.annotation.ConfigurationClassParser.processImports(ConfigurationClassParser.java:603) ~[spring-context-6.2.0.jar:6.2.0]
	... 18 more
2025-12-06 17:32:11 INFO Starting DiscoveryServiceApplication using Java 21.0.9 with PID 24584 (C:\Users\ptora\Documents\GitHub\CafeProject\backend\discovery-service\target\classes started by ptora in C:\Users\ptora\Documents\GitHub\CafeProject)
2025-12-06 17:32:11 INFO No active profile set, falling back to 1 default profile: "default"
2025-12-06 17:32:12 WARN Exception encountered during context initialization - cancelling refresh attempt: org.springframework.beans.factory.BeanDefinitionStoreException: Failed to process import candidates for configuration class [com.project.discoveryservice.DiscoveryServiceApplication]: Could not find class [org.springframework.boot.thread.Threading]
2025-12-06 17:32:12 INFO 

Error starting ApplicationContext. To display the condition evaluation report re-run your application with 'debug' enabled.
2025-12-06 17:32:12 ERROR Application run failed
org.springframework.beans.factory.BeanDefinitionStoreException: Failed to process import candidates for configuration class [com.project.discoveryservice.DiscoveryServiceApplication]: Could not find class [org.springframework.boot.thread.Threading]
	at org.springframework.context.annotation.ConfigurationClassParser.processImports(ConfigurationClassParser.java:613) ~[spring-context-6.2.0.jar:6.2.0]
	at org.springframework.context.annotation.ConfigurationClassParser$DeferredImportSelectorGroupingHandler.lambda$processGroupImports$1(ConfigurationClassParser.java:836) ~[spring-context-6.2.0.jar:6.2.0]
	at java.base/java.lang.Iterable.forEach(Iterable.java:75) ~[?:?]
	at org.springframework.context.annotation.ConfigurationClassParser$DeferredImportSelectorGroupingHandler.processGroupImports(ConfigurationClassParser.java:833) ~[spring-context-6.2.0.jar:6.2.0]
	at org.springframework.context.annotation.ConfigurationClassParser$DeferredImportSelectorHandler.process(ConfigurationClassParser.java:803) ~[spring-context-6.2.0.jar:6.2.0]
	at org.springframework.context.annotation.ConfigurationClassParser.parse(ConfigurationClassParser.java:189) ~[spring-context-6.2.0.jar:6.2.0]
	at org.springframework.context.annotation.ConfigurationClassPostProcessor.processConfigBeanDefinitions(ConfigurationClassPostProcessor.java:418) ~[spring-context-6.2.0.jar:6.2.0]
	at org.springframework.context.annotation.ConfigurationClassPostProcessor.postProcessBeanDefinitionRegistry(ConfigurationClassPostProcessor.java:290) ~[spring-context-6.2.0.jar:6.2.0]
	at org.springframework.context.support.PostProcessorRegistrationDelegate.invokeBeanDefinitionRegistryPostProcessors(PostProcessorRegistrationDelegate.java:349) ~[spring-context-6.2.0.jar:6.2.0]
	at org.springframework.context.support.PostProcessorRegistrationDelegate.invokeBeanFactoryPostProcessors(PostProcessorRegistrationDelegate.java:118) ~[spring-context-6.2.0.jar:6.2.0]
	at org.springframework.context.support.AbstractApplicationContext.invokeBeanFactoryPostProcessors(AbstractApplicationContext.java:791) ~[spring-context-6.2.0.jar:6.2.0]
	at org.springframework.context.support.AbstractApplicationContext.refresh(AbstractApplicationContext.java:609) ~[spring-context-6.2.0.jar:6.2.0]
	at org.springframework.boot.web.servlet.context.ServletWebServerApplicationContext.refresh(ServletWebServerApplicationContext.java:146) ~[spring-boot-3.4.0.jar:3.4.0]
	at org.springframework.boot.SpringApplication.refresh(SpringApplication.java:752) [spring-boot-3.4.0.jar:3.4.0]
	at org.springframework.boot.SpringApplication.refreshContext(SpringApplication.java:439) [spring-boot-3.4.0.jar:3.4.0]
	at org.springframework.boot.SpringApplication.run(SpringApplication.java:318) [spring-boot-3.4.0.jar:3.4.0]
	at org.springframework.boot.SpringApplication.run(SpringApplication.java:1361) [spring-boot-3.4.0.jar:3.4.0]
	at org.springframework.boot.SpringApplication.run(SpringApplication.java:1350) [spring-boot-3.4.0.jar:3.4.0]
	at com.project.discoveryservice.DiscoveryServiceApplication.main(DiscoveryServiceApplication.java:12) [classes/:?]
Caused by: java.lang.IllegalArgumentException: Could not find class [org.springframework.boot.thread.Threading]
	at org.springframework.util.ClassUtils.resolveClassName(ClassUtils.java:372) ~[spring-core-6.2.0.jar:6.2.0]
	at org.springframework.core.type.classreading.MergedAnnotationReadingVisitor.visitEnum(MergedAnnotationReadingVisitor.java:106) ~[spring-core-6.2.0.jar:6.2.0]
	at org.springframework.core.type.classreading.MergedAnnotationReadingVisitor.visitEnum(MergedAnnotationReadingVisitor.java:80) ~[spring-core-6.2.0.jar:6.2.0]
	at org.springframework.asm.ClassReader.readElementValue(ClassReader.java:3094) ~[spring-core-6.2.0.jar:6.2.0]
	at org.springframework.asm.ClassReader.readElementValues(ClassReader.java:3013) ~[spring-core-6.2.0.jar:6.2.0]
	at org.springframework.asm.ClassReader.readMethod(ClassReader.java:1416) ~[spring-core-6.2.0.jar:6.2.0]
	at org.springframework.asm.ClassReader.accept(ClassReader.java:747) ~[spring-core-6.2.0.jar:6.2.0]
	at org.springframework.asm.ClassReader.accept(ClassReader.java:427) ~[spring-core-6.2.0.jar:6.2.0]
	at org.springframework.core.type.classreading.SimpleMetadataReader.<init>(SimpleMetadataReader.java:48) ~[spring-core-6.2.0.jar:6.2.0]
	at org.springframework.core.type.classreading.SimpleMetadataReaderFactory.getMetadataReader(SimpleMetadataReaderFactory.java:103) ~[spring-core-6.2.0.jar:6.2.0]
	at org.springframework.core.type.classreading.CachingMetadataReaderFactory.getMetadataReader(CachingMetadataReaderFactory.java:122) ~[spring-core-6.2.0.jar:6.2.0]
	at org.springframework.core.type.classreading.SimpleMetadataReaderFactory.getMetadataReader(SimpleMetadataReaderFactory.java:81) ~[spring-core-6.2.0.jar:6.2.0]
	at org.springframework.context.annotation.ConfigurationClassParser.asSourceClass(ConfigurationClassParser.java:697) ~[spring-context-6.2.0.jar:6.2.0]
	at org.springframework.context.annotation.ConfigurationClassParser$SourceClass.getRelated(ConfigurationClassParser.java:1111) ~[spring-context-6.2.0.jar:6.2.0]
	at org.springframework.context.annotation.ConfigurationClassParser$SourceClass.getAnnotationAttributes(ConfigurationClassParser.java:1092) ~[spring-context-6.2.0.jar:6.2.0]
	at org.springframework.context.annotation.ConfigurationClassParser.collectImports(ConfigurationClassParser.java:553) ~[spring-context-6.2.0.jar:6.2.0]
	at org.springframework.context.annotation.ConfigurationClassParser.getImports(ConfigurationClassParser.java:526) ~[spring-context-6.2.0.jar:6.2.0]
	at org.springframework.context.annotation.ConfigurationClassParser.doProcessConfigurationClass(ConfigurationClassParser.java:347) ~[spring-context-6.2.0.jar:6.2.0]
	at org.springframework.context.annotation.ConfigurationClassParser.processConfigurationClass(ConfigurationClassParser.java:267) ~[spring-context-6.2.0.jar:6.2.0]
	at org.springframework.context.annotation.ConfigurationClassParser.processImports(ConfigurationClassParser.java:603) ~[spring-context-6.2.0.jar:6.2.0]
	... 18 more
Caused by: java.lang.ClassNotFoundException: org.springframework.boot.thread.Threading
	at java.base/jdk.internal.loader.BuiltinClassLoader.loadClass(BuiltinClassLoader.java:641) ~[?:?]
	at java.base/jdk.internal.loader.ClassLoaders$AppClassLoader.loadClass(ClassLoaders.java:188) ~[?:?]
	at java.base/java.lang.ClassLoader.loadClass(ClassLoader.java:526) ~[?:?]
	at java.base/java.lang.Class.forName0(Native Method) ~[?:?]
	at java.base/java.lang.Class.forName(Class.java:536) ~[?:?]
	at java.base/java.lang.Class.forName(Class.java:515) ~[?:?]
	at org.springframework.util.ClassUtils.forName(ClassUtils.java:321) ~[spring-core-6.2.0.jar:6.2.0]
	at org.springframework.util.ClassUtils.resolveClassName(ClassUtils.java:362) ~[spring-core-6.2.0.jar:6.2.0]
	at org.springframework.core.type.classreading.MergedAnnotationReadingVisitor.visitEnum(MergedAnnotationReadingVisitor.java:106) ~[spring-core-6.2.0.jar:6.2.0]
	at org.springframework.core.type.classreading.MergedAnnotationReadingVisitor.visitEnum(MergedAnnotationReadingVisitor.java:80) ~[spring-core-6.2.0.jar:6.2.0]
	at org.springframework.asm.ClassReader.readElementValue(ClassReader.java:3094) ~[spring-core-6.2.0.jar:6.2.0]
	at org.springframework.asm.ClassReader.readElementValues(ClassReader.java:3013) ~[spring-core-6.2.0.jar:6.2.0]
	at org.springframework.asm.ClassReader.readMethod(ClassReader.java:1416) ~[spring-core-6.2.0.jar:6.2.0]
	at org.springframework.asm.ClassReader.accept(ClassReader.java:747) ~[spring-core-6.2.0.jar:6.2.0]
	at org.springframework.asm.ClassReader.accept(ClassReader.java:427) ~[spring-core-6.2.0.jar:6.2.0]
	at org.springframework.core.type.classreading.SimpleMetadataReader.<init>(SimpleMetadataReader.java:48) ~[spring-core-6.2.0.jar:6.2.0]
	at org.springframework.core.type.classreading.SimpleMetadataReaderFactory.getMetadataReader(SimpleMetadataReaderFactory.java:103) ~[spring-core-6.2.0.jar:6.2.0]
	at org.springframework.core.type.classreading.CachingMetadataReaderFactory.getMetadataReader(CachingMetadataReaderFactory.java:122) ~[spring-core-6.2.0.jar:6.2.0]
	at org.springframework.core.type.classreading.SimpleMetadataReaderFactory.getMetadataReader(SimpleMetadataReaderFactory.java:81) ~[spring-core-6.2.0.jar:6.2.0]
	at org.springframework.context.annotation.ConfigurationClassParser.asSourceClass(ConfigurationClassParser.java:697) ~[spring-context-6.2.0.jar:6.2.0]
	at org.springframework.context.annotation.ConfigurationClassParser$SourceClass.getRelated(ConfigurationClassParser.java:1111) ~[spring-context-6.2.0.jar:6.2.0]
	at org.springframework.context.annotation.ConfigurationClassParser$SourceClass.getAnnotationAttributes(ConfigurationClassParser.java:1092) ~[spring-context-6.2.0.jar:6.2.0]
	at org.springframework.context.annotation.ConfigurationClassParser.collectImports(ConfigurationClassParser.java:553) ~[spring-context-6.2.0.jar:6.2.0]
	at org.springframework.context.annotation.ConfigurationClassParser.getImports(ConfigurationClassParser.java:526) ~[spring-context-6.2.0.jar:6.2.0]
	at org.springframework.context.annotation.ConfigurationClassParser.doProcessConfigurationClass(ConfigurationClassParser.java:347) ~[spring-context-6.2.0.jar:6.2.0]
	at org.springframework.context.annotation.ConfigurationClassParser.processConfigurationClass(ConfigurationClassParser.java:267) ~[spring-context-6.2.0.jar:6.2.0]
	at org.springframework.context.annotation.ConfigurationClassParser.processImports(ConfigurationClassParser.java:603) ~[spring-context-6.2.0.jar:6.2.0]
	... 18 more
2025-12-06 17:37:38 INFO Starting DiscoveryServiceApplication using Java 21.0.9 with PID 4796 (C:\Users\ptora\Documents\GitHub\CafeProject\backend\discovery-service\target\classes started by ptora in C:\Users\ptora\Documents\GitHub\CafeProject)
2025-12-06 17:37:38 INFO No active profile set, falling back to 1 default profile: "default"
2025-12-06 17:37:38 WARN Exception encountered during context initialization - cancelling refresh attempt: org.springframework.beans.factory.BeanDefinitionStoreException: Failed to process import candidates for configuration class [com.project.discoveryservice.DiscoveryServiceApplication]: Could not find class [org.springframework.boot.thread.Threading]
2025-12-06 17:37:41 INFO Starting DiscoveryServiceApplication using Java 21.0.9 with PID 8576 (C:\Users\ptora\Documents\GitHub\CafeProject\backend\discovery-service\target\classes started by ptora in C:\Users\ptora\Documents\GitHub\CafeProject)
2025-12-06 17:37:41 INFO No active profile set, falling back to 1 default profile: "default"
2025-12-06 17:37:41 WARN Exception encountered during context initialization - cancelling refresh attempt: org.springframework.beans.factory.BeanDefinitionStoreException: Failed to process import candidates for configuration class [com.project.discoveryservice.DiscoveryServiceApplication]: Could not find class [org.springframework.boot.thread.Threading]
2025-12-06 17:41:16 INFO Starting DiscoveryServiceApplication using Java 21.0.9 with PID 29576 (C:\Users\ptora\Documents\GitHub\CafeProject\backend\discovery-service\target\classes started by ptora in C:\Users\ptora\Documents\GitHub\CafeProject)
2025-12-06 17:41:16 INFO No active profile set, falling back to 1 default profile: "default"
2025-12-06 17:41:17 WARN Exception encountered during context initialization - cancelling refresh attempt: org.springframework.beans.factory.BeanDefinitionStoreException: Failed to process import candidates for configuration class [com.project.discoveryservice.DiscoveryServiceApplication]: Could not find class [org.springframework.boot.thread.Threading]
2025-12-06 17:41:17 INFO 

Error starting ApplicationContext. To display the condition evaluation report re-run your application with 'debug' enabled.
2025-12-06 17:41:17 ERROR Application run failed
org.springframework.beans.factory.BeanDefinitionStoreException: Failed to process import candidates for configuration class [com.project.discoveryservice.DiscoveryServiceApplication]: Could not find class [org.springframework.boot.thread.Threading]
	at org.springframework.context.annotation.ConfigurationClassParser.processImports(ConfigurationClassParser.java:613) ~[spring-context-6.2.0.jar:6.2.0]
	at org.springframework.context.annotation.ConfigurationClassParser$DeferredImportSelectorGroupingHandler.lambda$processGroupImports$1(ConfigurationClassParser.java:836) ~[spring-context-6.2.0.jar:6.2.0]
	at java.base/java.lang.Iterable.forEach(Iterable.java:75) ~[?:?]
	at org.springframework.context.annotation.ConfigurationClassParser$DeferredImportSelectorGroupingHandler.processGroupImports(ConfigurationClassParser.java:833) ~[spring-context-6.2.0.jar:6.2.0]
	at org.springframework.context.annotation.ConfigurationClassParser$DeferredImportSelectorHandler.process(ConfigurationClassParser.java:803) ~[spring-context-6.2.0.jar:6.2.0]
	at org.springframework.context.annotation.ConfigurationClassParser.parse(ConfigurationClassParser.java:189) ~[spring-context-6.2.0.jar:6.2.0]
	at org.springframework.context.annotation.ConfigurationClassPostProcessor.processConfigBeanDefinitions(ConfigurationClassPostProcessor.java:418) ~[spring-context-6.2.0.jar:6.2.0]
	at org.springframework.context.annotation.ConfigurationClassPostProcessor.postProcessBeanDefinitionRegistry(ConfigurationClassPostProcessor.java:290) ~[spring-context-6.2.0.jar:6.2.0]
	at org.springframework.context.support.PostProcessorRegistrationDelegate.invokeBeanDefinitionRegistryPostProcessors(PostProcessorRegistrationDelegate.java:349) ~[spring-context-6.2.0.jar:6.2.0]
	at org.springframework.context.support.PostProcessorRegistrationDelegate.invokeBeanFactoryPostProcessors(PostProcessorRegistrationDelegate.java:118) ~[spring-context-6.2.0.jar:6.2.0]
	at org.springframework.context.support.AbstractApplicationContext.invokeBeanFactoryPostProcessors(AbstractApplicationContext.java:791) ~[spring-context-6.2.0.jar:6.2.0]
	at org.springframework.context.support.AbstractApplicationContext.refresh(AbstractApplicationContext.java:609) ~[spring-context-6.2.0.jar:6.2.0]
	at org.springframework.boot.web.servlet.context.ServletWebServerApplicationContext.refresh(ServletWebServerApplicationContext.java:146) ~[spring-boot-3.4.0.jar:3.4.0]
	at org.springframework.boot.SpringApplication.refresh(SpringApplication.java:752) [spring-boot-3.4.0.jar:3.4.0]
	at org.springframework.boot.SpringApplication.refreshContext(SpringApplication.java:439) [spring-boot-3.4.0.jar:3.4.0]
	at org.springframework.boot.SpringApplication.run(SpringApplication.java:318) [spring-boot-3.4.0.jar:3.4.0]
	at org.springframework.boot.SpringApplication.run(SpringApplication.java:1361) [spring-boot-3.4.0.jar:3.4.0]
	at org.springframework.boot.SpringApplication.run(SpringApplication.java:1350) [spring-boot-3.4.0.jar:3.4.0]
	at com.project.discoveryservice.DiscoveryServiceApplication.main(DiscoveryServiceApplication.java:12) [classes/:?]
Caused by: java.lang.IllegalArgumentException: Could not find class [org.springframework.boot.thread.Threading]
	at org.springframework.util.ClassUtils.resolveClassName(ClassUtils.java:372) ~[spring-core-6.2.0.jar:6.2.0]
	at org.springframework.core.type.classreading.MergedAnnotationReadingVisitor.visitEnum(MergedAnnotationReadingVisitor.java:106) ~[spring-core-6.2.0.jar:6.2.0]
	at org.springframework.core.type.classreading.MergedAnnotationReadingVisitor.visitEnum(MergedAnnotationReadingVisitor.java:80) ~[spring-core-6.2.0.jar:6.2.0]
	at org.springframework.asm.ClassReader.readElementValue(ClassReader.java:3094) ~[spring-core-6.2.0.jar:6.2.0]
	at org.springframework.asm.ClassReader.readElementValues(ClassReader.java:3013) ~[spring-core-6.2.0.jar:6.2.0]
	at org.springframework.asm.ClassReader.readMethod(ClassReader.java:1416) ~[spring-core-6.2.0.jar:6.2.0]
	at org.springframework.asm.ClassReader.accept(ClassReader.java:747) ~[spring-core-6.2.0.jar:6.2.0]
	at org.springframework.asm.ClassReader.accept(ClassReader.java:427) ~[spring-core-6.2.0.jar:6.2.0]
	at org.springframework.core.type.classreading.SimpleMetadataReader.<init>(SimpleMetadataReader.java:48) ~[spring-core-6.2.0.jar:6.2.0]
	at org.springframework.core.type.classreading.SimpleMetadataReaderFactory.getMetadataReader(SimpleMetadataReaderFactory.java:103) ~[spring-core-6.2.0.jar:6.2.0]
	at org.springframework.core.type.classreading.CachingMetadataReaderFactory.getMetadataReader(CachingMetadataReaderFactory.java:122) ~[spring-core-6.2.0.jar:6.2.0]
	at org.springframework.core.type.classreading.SimpleMetadataReaderFactory.getMetadataReader(SimpleMetadataReaderFactory.java:81) ~[spring-core-6.2.0.jar:6.2.0]
	at org.springframework.context.annotation.ConfigurationClassParser.asSourceClass(ConfigurationClassParser.java:697) ~[spring-context-6.2.0.jar:6.2.0]
	at org.springframework.context.annotation.ConfigurationClassParser$SourceClass.getRelated(ConfigurationClassParser.java:1111) ~[spring-context-6.2.0.jar:6.2.0]
	at org.springframework.context.annotation.ConfigurationClassParser$SourceClass.getAnnotationAttributes(ConfigurationClassParser.java:1092) ~[spring-context-6.2.0.jar:6.2.0]
	at org.springframework.context.annotation.ConfigurationClassParser.collectImports(ConfigurationClassParser.java:553) ~[spring-context-6.2.0.jar:6.2.0]
	at org.springframework.context.annotation.ConfigurationClassParser.getImports(ConfigurationClassParser.java:526) ~[spring-context-6.2.0.jar:6.2.0]
	at org.springframework.context.annotation.ConfigurationClassParser.doProcessConfigurationClass(ConfigurationClassParser.java:347) ~[spring-context-6.2.0.jar:6.2.0]
	at org.springframework.context.annotation.ConfigurationClassParser.processConfigurationClass(ConfigurationClassParser.java:267) ~[spring-context-6.2.0.jar:6.2.0]
	at org.springframework.context.annotation.ConfigurationClassParser.processImports(ConfigurationClassParser.java:603) ~[spring-context-6.2.0.jar:6.2.0]
	... 18 more
Caused by: java.lang.ClassNotFoundException: org.springframework.boot.thread.Threading
	at java.base/jdk.internal.loader.BuiltinClassLoader.loadClass(BuiltinClassLoader.java:641) ~[?:?]
	at java.base/jdk.internal.loader.ClassLoaders$AppClassLoader.loadClass(ClassLoaders.java:188) ~[?:?]
	at java.base/java.lang.ClassLoader.loadClass(ClassLoader.java:526) ~[?:?]
	at java.base/java.lang.Class.forName0(Native Method) ~[?:?]
	at java.base/java.lang.Class.forName(Class.java:536) ~[?:?]
	at java.base/java.lang.Class.forName(Class.java:515) ~[?:?]
	at org.springframework.util.ClassUtils.forName(ClassUtils.java:321) ~[spring-core-6.2.0.jar:6.2.0]
	at org.springframework.util.ClassUtils.resolveClassName(ClassUtils.java:362) ~[spring-core-6.2.0.jar:6.2.0]
	at org.springframework.core.type.classreading.MergedAnnotationReadingVisitor.visitEnum(MergedAnnotationReadingVisitor.java:106) ~[spring-core-6.2.0.jar:6.2.0]
	at org.springframework.core.type.classreading.MergedAnnotationReadingVisitor.visitEnum(MergedAnnotationReadingVisitor.java:80) ~[spring-core-6.2.0.jar:6.2.0]
	at org.springframework.asm.ClassReader.readElementValue(ClassReader.java:3094) ~[spring-core-6.2.0.jar:6.2.0]
	at org.springframework.asm.ClassReader.readElementValues(ClassReader.java:3013) ~[spring-core-6.2.0.jar:6.2.0]
	at org.springframework.asm.ClassReader.readMethod(ClassReader.java:1416) ~[spring-core-6.2.0.jar:6.2.0]
	at org.springframework.asm.ClassReader.accept(ClassReader.java:747) ~[spring-core-6.2.0.jar:6.2.0]
	at org.springframework.asm.ClassReader.accept(ClassReader.java:427) ~[spring-core-6.2.0.jar:6.2.0]
	at org.springframework.core.type.classreading.SimpleMetadataReader.<init>(SimpleMetadataReader.java:48) ~[spring-core-6.2.0.jar:6.2.0]
	at org.springframework.core.type.classreading.SimpleMetadataReaderFactory.getMetadataReader(SimpleMetadataReaderFactory.java:103) ~[spring-core-6.2.0.jar:6.2.0]
	at org.springframework.core.type.classreading.CachingMetadataReaderFactory.getMetadataReader(CachingMetadataReaderFactory.java:122) ~[spring-core-6.2.0.jar:6.2.0]
	at org.springframework.core.type.classreading.SimpleMetadataReaderFactory.getMetadataReader(SimpleMetadataReaderFactory.java:81) ~[spring-core-6.2.0.jar:6.2.0]
	at org.springframework.context.annotation.ConfigurationClassParser.asSourceClass(ConfigurationClassParser.java:697) ~[spring-context-6.2.0.jar:6.2.0]
	at org.springframework.context.annotation.ConfigurationClassParser$SourceClass.getRelated(ConfigurationClassParser.java:1111) ~[spring-context-6.2.0.jar:6.2.0]
	at org.springframework.context.annotation.ConfigurationClassParser$SourceClass.getAnnotationAttributes(ConfigurationClassParser.java:1092) ~[spring-context-6.2.0.jar:6.2.0]
	at org.springframework.context.annotation.ConfigurationClassParser.collectImports(ConfigurationClassParser.java:553) ~[spring-context-6.2.0.jar:6.2.0]
	at org.springframework.context.annotation.ConfigurationClassParser.getImports(ConfigurationClassParser.java:526) ~[spring-context-6.2.0.jar:6.2.0]
	at org.springframework.context.annotation.ConfigurationClassParser.doProcessConfigurationClass(ConfigurationClassParser.java:347) ~[spring-context-6.2.0.jar:6.2.0]
	at org.springframework.context.annotation.ConfigurationClassParser.processConfigurationClass(ConfigurationClassParser.java:267) ~[spring-context-6.2.0.jar:6.2.0]
	at org.springframework.context.annotation.ConfigurationClassParser.processImports(ConfigurationClassParser.java:603) ~[spring-context-6.2.0.jar:6.2.0]
	... 18 more
2025-12-06 17:41:43 INFO Starting DiscoveryServiceApplication using Java 21.0.9 with PID 7728 (C:\Users\ptora\Documents\GitHub\CafeProject\backend\discovery-service\target\classes started by ptora in C:\Users\ptora\Documents\GitHub\CafeProject)
2025-12-06 17:41:43 INFO No active profile set, falling back to 1 default profile: "default"
2025-12-06 17:41:44 WARN Exception encountered during context initialization - cancelling refresh attempt: org.springframework.beans.factory.BeanDefinitionStoreException: Failed to process import candidates for configuration class [com.project.discoveryservice.DiscoveryServiceApplication]: Could not find class [org.springframework.boot.thread.Threading]
2025-12-06 17:41:44 INFO 

Error starting ApplicationContext. To display the condition evaluation report re-run your application with 'debug' enabled.
2025-12-06 17:41:44 ERROR Application run failed
org.springframework.beans.factory.BeanDefinitionStoreException: Failed to process import candidates for configuration class [com.project.discoveryservice.DiscoveryServiceApplication]: Could not find class [org.springframework.boot.thread.Threading]
	at org.springframework.context.annotation.ConfigurationClassParser.processImports(ConfigurationClassParser.java:613) ~[spring-context-6.2.0.jar:6.2.0]
	at org.springframework.context.annotation.ConfigurationClassParser$DeferredImportSelectorGroupingHandler.lambda$processGroupImports$1(ConfigurationClassParser.java:836) ~[spring-context-6.2.0.jar:6.2.0]
	at java.base/java.lang.Iterable.forEach(Iterable.java:75) ~[?:?]
	at org.springframework.context.annotation.ConfigurationClassParser$DeferredImportSelectorGroupingHandler.processGroupImports(ConfigurationClassParser.java:833) ~[spring-context-6.2.0.jar:6.2.0]
	at org.springframework.context.annotation.ConfigurationClassParser$DeferredImportSelectorHandler.process(ConfigurationClassParser.java:803) ~[spring-context-6.2.0.jar:6.2.0]
	at org.springframework.context.annotation.ConfigurationClassParser.parse(ConfigurationClassParser.java:189) ~[spring-context-6.2.0.jar:6.2.0]
	at org.springframework.context.annotation.ConfigurationClassPostProcessor.processConfigBeanDefinitions(ConfigurationClassPostProcessor.java:418) ~[spring-context-6.2.0.jar:6.2.0]
	at org.springframework.context.annotation.ConfigurationClassPostProcessor.postProcessBeanDefinitionRegistry(ConfigurationClassPostProcessor.java:290) ~[spring-context-6.2.0.jar:6.2.0]
	at org.springframework.context.support.PostProcessorRegistrationDelegate.invokeBeanDefinitionRegistryPostProcessors(PostProcessorRegistrationDelegate.java:349) ~[spring-context-6.2.0.jar:6.2.0]
	at org.springframework.context.support.PostProcessorRegistrationDelegate.invokeBeanFactoryPostProcessors(PostProcessorRegistrationDelegate.java:118) ~[spring-context-6.2.0.jar:6.2.0]
	at org.springframework.context.support.AbstractApplicationContext.invokeBeanFactoryPostProcessors(AbstractApplicationContext.java:791) ~[spring-context-6.2.0.jar:6.2.0]
	at org.springframework.context.support.AbstractApplicationContext.refresh(AbstractApplicationContext.java:609) ~[spring-context-6.2.0.jar:6.2.0]
	at org.springframework.boot.web.servlet.context.ServletWebServerApplicationContext.refresh(ServletWebServerApplicationContext.java:146) ~[spring-boot-3.4.0.jar:3.4.0]
	at org.springframework.boot.SpringApplication.refresh(SpringApplication.java:752) [spring-boot-3.4.0.jar:3.4.0]
	at org.springframework.boot.SpringApplication.refreshContext(SpringApplication.java:439) [spring-boot-3.4.0.jar:3.4.0]
	at org.springframework.boot.SpringApplication.run(SpringApplication.java:318) [spring-boot-3.4.0.jar:3.4.0]
	at org.springframework.boot.SpringApplication.run(SpringApplication.java:1361) [spring-boot-3.4.0.jar:3.4.0]
	at org.springframework.boot.SpringApplication.run(SpringApplication.java:1350) [spring-boot-3.4.0.jar:3.4.0]
	at com.project.discoveryservice.DiscoveryServiceApplication.main(DiscoveryServiceApplication.java:12) [classes/:?]
Caused by: java.lang.IllegalArgumentException: Could not find class [org.springframework.boot.thread.Threading]
	at org.springframework.util.ClassUtils.resolveClassName(ClassUtils.java:372) ~[spring-core-6.2.0.jar:6.2.0]
	at org.springframework.core.type.classreading.MergedAnnotationReadingVisitor.visitEnum(MergedAnnotationReadingVisitor.java:106) ~[spring-core-6.2.0.jar:6.2.0]
	at org.springframework.core.type.classreading.MergedAnnotationReadingVisitor.visitEnum(MergedAnnotationReadingVisitor.java:80) ~[spring-core-6.2.0.jar:6.2.0]
	at org.springframework.asm.ClassReader.readElementValue(ClassReader.java:3094) ~[spring-core-6.2.0.jar:6.2.0]
	at org.springframework.asm.ClassReader.readElementValues(ClassReader.java:3013) ~[spring-core-6.2.0.jar:6.2.0]
	at org.springframework.asm.ClassReader.readMethod(ClassReader.java:1416) ~[spring-core-6.2.0.jar:6.2.0]
	at org.springframework.asm.ClassReader.accept(ClassReader.java:747) ~[spring-core-6.2.0.jar:6.2.0]
	at org.springframework.asm.ClassReader.accept(ClassReader.java:427) ~[spring-core-6.2.0.jar:6.2.0]
	at org.springframework.core.type.classreading.SimpleMetadataReader.<init>(SimpleMetadataReader.java:48) ~[spring-core-6.2.0.jar:6.2.0]
	at org.springframework.core.type.classreading.SimpleMetadataReaderFactory.getMetadataReader(SimpleMetadataReaderFactory.java:103) ~[spring-core-6.2.0.jar:6.2.0]
	at org.springframework.core.type.classreading.CachingMetadataReaderFactory.getMetadataReader(CachingMetadataReaderFactory.java:122) ~[spring-core-6.2.0.jar:6.2.0]
	at org.springframework.core.type.classreading.SimpleMetadataReaderFactory.getMetadataReader(SimpleMetadataReaderFactory.java:81) ~[spring-core-6.2.0.jar:6.2.0]
	at org.springframework.context.annotation.ConfigurationClassParser.asSourceClass(ConfigurationClassParser.java:697) ~[spring-context-6.2.0.jar:6.2.0]
	at org.springframework.context.annotation.ConfigurationClassParser$SourceClass.getRelated(ConfigurationClassParser.java:1111) ~[spring-context-6.2.0.jar:6.2.0]
	at org.springframework.context.annotation.ConfigurationClassParser$SourceClass.getAnnotationAttributes(ConfigurationClassParser.java:1092) ~[spring-context-6.2.0.jar:6.2.0]
	at org.springframework.context.annotation.ConfigurationClassParser.collectImports(ConfigurationClassParser.java:553) ~[spring-context-6.2.0.jar:6.2.0]
	at org.springframework.context.annotation.ConfigurationClassParser.getImports(ConfigurationClassParser.java:526) ~[spring-context-6.2.0.jar:6.2.0]
	at org.springframework.context.annotation.ConfigurationClassParser.doProcessConfigurationClass(ConfigurationClassParser.java:347) ~[spring-context-6.2.0.jar:6.2.0]
	at org.springframework.context.annotation.ConfigurationClassParser.processConfigurationClass(ConfigurationClassParser.java:267) ~[spring-context-6.2.0.jar:6.2.0]
	at org.springframework.context.annotation.ConfigurationClassParser.processImports(ConfigurationClassParser.java:603) ~[spring-context-6.2.0.jar:6.2.0]
	... 18 more
Caused by: java.lang.ClassNotFoundException: org.springframework.boot.thread.Threading
	at java.base/jdk.internal.loader.BuiltinClassLoader.loadClass(BuiltinClassLoader.java:641) ~[?:?]
	at java.base/jdk.internal.loader.ClassLoaders$AppClassLoader.loadClass(ClassLoaders.java:188) ~[?:?]
	at java.base/java.lang.ClassLoader.loadClass(ClassLoader.java:526) ~[?:?]
	at java.base/java.lang.Class.forName0(Native Method) ~[?:?]
	at java.base/java.lang.Class.forName(Class.java:536) ~[?:?]
	at java.base/java.lang.Class.forName(Class.java:515) ~[?:?]
	at org.springframework.util.ClassUtils.forName(ClassUtils.java:321) ~[spring-core-6.2.0.jar:6.2.0]
	at org.springframework.util.ClassUtils.resolveClassName(ClassUtils.java:362) ~[spring-core-6.2.0.jar:6.2.0]
	at org.springframework.core.type.classreading.MergedAnnotationReadingVisitor.visitEnum(MergedAnnotationReadingVisitor.java:106) ~[spring-core-6.2.0.jar:6.2.0]
	at org.springframework.core.type.classreading.MergedAnnotationReadingVisitor.visitEnum(MergedAnnotationReadingVisitor.java:80) ~[spring-core-6.2.0.jar:6.2.0]
	at org.springframework.asm.ClassReader.readElementValue(ClassReader.java:3094) ~[spring-core-6.2.0.jar:6.2.0]
	at org.springframework.asm.ClassReader.readElementValues(ClassReader.java:3013) ~[spring-core-6.2.0.jar:6.2.0]
	at org.springframework.asm.ClassReader.readMethod(ClassReader.java:1416) ~[spring-core-6.2.0.jar:6.2.0]
	at org.springframework.asm.ClassReader.accept(ClassReader.java:747) ~[spring-core-6.2.0.jar:6.2.0]
	at org.springframework.asm.ClassReader.accept(ClassReader.java:427) ~[spring-core-6.2.0.jar:6.2.0]
	at org.springframework.core.type.classreading.SimpleMetadataReader.<init>(SimpleMetadataReader.java:48) ~[spring-core-6.2.0.jar:6.2.0]
	at org.springframework.core.type.classreading.SimpleMetadataReaderFactory.getMetadataReader(SimpleMetadataReaderFactory.java:103) ~[spring-core-6.2.0.jar:6.2.0]
	at org.springframework.core.type.classreading.CachingMetadataReaderFactory.getMetadataReader(CachingMetadataReaderFactory.java:122) ~[spring-core-6.2.0.jar:6.2.0]
	at org.springframework.core.type.classreading.SimpleMetadataReaderFactory.getMetadataReader(SimpleMetadataReaderFactory.java:81) ~[spring-core-6.2.0.jar:6.2.0]
	at org.springframework.context.annotation.ConfigurationClassParser.asSourceClass(ConfigurationClassParser.java:697) ~[spring-context-6.2.0.jar:6.2.0]
	at org.springframework.context.annotation.ConfigurationClassParser$SourceClass.getRelated(ConfigurationClassParser.java:1111) ~[spring-context-6.2.0.jar:6.2.0]
	at org.springframework.context.annotation.ConfigurationClassParser$SourceClass.getAnnotationAttributes(ConfigurationClassParser.java:1092) ~[spring-context-6.2.0.jar:6.2.0]
	at org.springframework.context.annotation.ConfigurationClassParser.collectImports(ConfigurationClassParser.java:553) ~[spring-context-6.2.0.jar:6.2.0]
	at org.springframework.context.annotation.ConfigurationClassParser.getImports(ConfigurationClassParser.java:526) ~[spring-context-6.2.0.jar:6.2.0]
	at org.springframework.context.annotation.ConfigurationClassParser.doProcessConfigurationClass(ConfigurationClassParser.java:347) ~[spring-context-6.2.0.jar:6.2.0]
	at org.springframework.context.annotation.ConfigurationClassParser.processConfigurationClass(ConfigurationClassParser.java:267) ~[spring-context-6.2.0.jar:6.2.0]
	at org.springframework.context.annotation.ConfigurationClassParser.processImports(ConfigurationClassParser.java:603) ~[spring-context-6.2.0.jar:6.2.0]
	... 18 more
