2026-04-02 17:03:41 INFO Starting DiscoveryServiceApplication using Java 26.0.2 with PID 7917 (/home/recep/Proje/CafeProject/backend/discovery-service/target/classes started by recep in /home/recep/Proje/CafeProject/backend/discovery-service)
2026-04-02 17:03:42 INFO No active profile set, falling back to 1 default profile: "default"
2026-04-02 17:03:42 INFO BeanFactory id=05138dc6-d18e-3d81-9951-8d57dfaaf116
2026-04-02 17:03:42 INFO Tomcat initialized with port 10100 (http)
2026-04-02 17:03:42 INFO Initializing ProtocolHandler ["http-nio-10100"]
2026-04-02 17:03:42 INFO Starting service [Tomcat]
2026-04-02 17:03:42 INFO Starting Servlet engine: [Apache Tomcat/10.1.33]
2026-04-02 17:03:42 INFO Initializing Spring embedded WebApplicationContext
2026-04-02 17:03:42 INFO Root WebApplicationContext: initialization completed in 621 ms
2026-04-02 17:03:43 INFO Using JSON encoding codec LegacyJacksonJson
2026-04-02 17:03:43 INFO Using JSON decoding codec LegacyJacksonJson
2026-04-02 17:03:43 INFO Using XML encoding codec XStreamXml
2026-04-02 17:03:43 INFO Using XML decoding codec XStreamXml
2026-04-02 17:03:43 WARN Spring Cloud LoadBalancer is currently working with the default cache. While this cache implementation is useful for development and tests, it's recommended to use Caffeine cache in production.You can switch to using Caffeine cache, by adding it and org.springframework.cache.caffeine.CaffeineCacheManager to the classpath.
2026-04-02 17:03:43 INFO Setting initial instance status as: STARTING
2026-04-02 17:03:43 INFO Initializing Eureka in region us-east-1
2026-04-02 17:03:43 INFO Client configured to neither register nor query for data.
2026-04-02 17:03:43 INFO Discovery Client initialized at timestamp 1775138623600 with initial instances count: 0
2026-04-02 17:03:43 INFO Initializing ...
2026-04-02 17:03:43 WARN The replica size seems to be empty. Check the route 53 DNS Registry
2026-04-02 17:03:43 INFO Finished initializing remote region registries. All known remote regions: []
2026-04-02 17:03:43 INFO Initialized
2026-04-02 17:03:43 INFO Exposing 1 endpoint beneath base path '/actuator'
2026-04-02 17:03:43 INFO Registering application DISCOVERY-SERVICE with eureka with status UP
2026-04-02 17:03:43 INFO Starting ProtocolHandler ["http-nio-10100"]
2026-04-02 17:03:43 INFO isAws returned false
2026-04-02 17:03:43 INFO Initialized server context
2026-04-02 17:03:43 INFO Got 1 instances from neighboring DS node
2026-04-02 17:03:43 INFO Renew threshold is: 1
2026-04-02 17:03:43 INFO Changing status to UP
2026-04-02 17:03:43 INFO Started Eureka Server
2026-04-02 17:03:43 INFO Tomcat started on port 10100 (http) with context path '/'
2026-04-02 17:03:43 INFO Updating port to 10100
2026-04-02 17:03:43 INFO Started DiscoveryServiceApplication in 1.868 seconds (process running for 2.322)
2026-04-02 17:04:43 INFO Running the evict task with compensationTime 0ms
2026-04-02 17:05:43 INFO Running the evict task with compensationTime 0ms
2026-04-02 17:06:43 INFO Running the evict task with compensationTime 0ms
2026-04-02 17:07:43 INFO Running the evict task with compensationTime 0ms
2026-04-02 17:08:43 INFO Running the evict task with compensationTime 0ms
2026-04-02 17:09:28 INFO Initializing Spring DispatcherServlet 'dispatcherServlet'
2026-04-02 17:09:28 INFO Initializing Servlet 'dispatcherServlet'
2026-04-02 17:09:28 INFO Completed initialization in 1 ms
2026-04-02 17:09:28 INFO Registered instance USER-SERVICE/archlinux:user-service with status UP (replication=false)
2026-04-02 17:09:43 INFO Running the evict task with compensationTime 0ms
2026-04-02 17:10:43 INFO Running the evict task with compensationTime 0ms
2026-04-02 17:11:43 INFO Running the evict task with compensationTime 0ms
2026-04-02 17:12:43 INFO Running the evict task with compensationTime 0ms
2026-04-02 17:13:43 WARN The replica size seems to be empty. Check the route 53 DNS Registry
2026-04-02 17:13:43 INFO Running the evict task with compensationTime 0ms
2026-04-02 17:14:43 INFO Running the evict task with compensationTime 0ms
2026-04-02 17:15:43 INFO Running the evict task with compensationTime 0ms
2026-04-02 17:16:43 INFO Running the evict task with compensationTime 0ms
2026-04-02 17:17:43 INFO Running the evict task with compensationTime 0ms
2026-04-02 17:18:43 INFO Current renewal threshold is : 3
2026-04-02 17:18:43 INFO Running the evict task with compensationTime 0ms
2026-04-02 17:19:43 INFO Running the evict task with compensationTime 0ms
2026-04-02 17:20:43 INFO Running the evict task with compensationTime 0ms
2026-04-02 17:21:43 INFO Running the evict task with compensationTime 0ms
2026-04-02 17:22:43 INFO Running the evict task with compensationTime 0ms
2026-04-02 17:23:43 WARN The replica size seems to be empty. Check the route 53 DNS Registry
2026-04-02 17:23:43 INFO Running the evict task with compensationTime 0ms
2026-04-02 17:24:43 INFO Running the evict task with compensationTime 0ms
2026-04-02 17:25:43 INFO Running the evict task with compensationTime 0ms
2026-04-02 17:26:43 INFO Running the evict task with compensationTime 0ms
2026-04-02 17:27:43 INFO Running the evict task with compensationTime 0ms
2026-04-02 17:28:43 INFO Running the evict task with compensationTime 0ms
2026-04-02 17:29:43 INFO Running the evict task with compensationTime 0ms
2026-04-02 17:30:43 INFO Running the evict task with compensationTime 0ms
2026-04-02 17:31:43 INFO Running the evict task with compensationTime 0ms
2026-04-02 17:32:43 INFO Running the evict task with compensationTime 0ms
2026-04-02 17:33:43 WARN The replica size seems to be empty. Check the route 53 DNS Registry
2026-04-02 17:33:43 INFO Current renewal threshold is : 3
2026-04-02 17:33:43 INFO Running the evict task with compensationTime 0ms
2026-04-02 17:34:43 INFO Running the evict task with compensationTime 0ms
2026-04-02 17:35:43 INFO Running the evict task with compensationTime 0ms
2026-04-02 17:36:43 INFO Running the evict task with compensationTime 0ms
2026-04-02 17:37:43 INFO Running the evict task with compensationTime 0ms
2026-04-02 17:38:43 INFO Running the evict task with compensationTime 0ms
2026-04-02 17:39:43 INFO Running the evict task with compensationTime 0ms
2026-04-02 17:40:43 INFO Running the evict task with compensationTime 0ms
2026-04-02 17:41:43 INFO Running the evict task with compensationTime 0ms
2026-04-02 17:42:43 INFO Running the evict task with compensationTime 0ms
2026-04-02 17:43:43 WARN The replica size seems to be empty. Check the route 53 DNS Registry
2026-04-02 17:43:43 INFO Running the evict task with compensationTime 0ms
2026-04-02 17:44:43 INFO Running the evict task with compensationTime 0ms
2026-04-02 17:45:34 INFO Unregistering application DISCOVERY-SERVICE with eureka with status DOWN
2026-04-02 17:45:34 INFO Commencing graceful shutdown. Waiting for active requests to complete
2026-04-02 17:45:34 INFO Graceful shutdown complete
2026-04-02 17:45:34 INFO Shutting down Eureka Server..
2026-04-02 17:45:34 INFO Shutting down ...
2026-04-02 17:45:34 INFO Shut down
2026-04-02 17:45:34 INFO Eureka Service is now shutdown...
2026-04-02 17:45:34 INFO Shutting down ...
2026-04-02 17:45:34 INFO Shut down
2026-04-02 17:45:34 INFO Shutting down DiscoveryClient ...
2026-04-02 17:45:34 INFO Completed shut down of DiscoveryClient
2026-04-02 21:23:41 INFO Starting DiscoveryServiceApplication using Java 26.0.2 with PID 24229 (/home/recep/Proje/CafeProject/backend/discovery-service/target/classes started by recep in /home/recep/Proje/CafeProject/backend/discovery-service)
2026-04-02 21:23:41 INFO No active profile set, falling back to 1 default profile: "default"
2026-04-02 21:23:42 INFO BeanFactory id=05138dc6-d18e-3d81-9951-8d57dfaaf116
2026-04-02 21:23:42 INFO Tomcat initialized with port 10100 (http)
2026-04-02 21:23:42 INFO Initializing ProtocolHandler ["http-nio-10100"]
2026-04-02 21:23:42 INFO Starting service [Tomcat]
2026-04-02 21:23:42 INFO Starting Servlet engine: [Apache Tomcat/10.1.33]
2026-04-02 21:23:42 INFO Initializing Spring embedded WebApplicationContext
2026-04-02 21:23:42 INFO Root WebApplicationContext: initialization completed in 630 ms
2026-04-02 21:23:42 INFO Using JSON encoding codec LegacyJacksonJson
2026-04-02 21:23:42 INFO Using JSON decoding codec LegacyJacksonJson
2026-04-02 21:23:42 INFO Using XML encoding codec XStreamXml
2026-04-02 21:23:42 INFO Using XML decoding codec XStreamXml
2026-04-02 21:23:43 WARN Spring Cloud LoadBalancer is currently working with the default cache. While this cache implementation is useful for development and tests, it's recommended to use Caffeine cache in production.You can switch to using Caffeine cache, by adding it and org.springframework.cache.caffeine.CaffeineCacheManager to the classpath.
2026-04-02 21:23:43 INFO Setting initial instance status as: STARTING
2026-04-02 21:23:43 INFO Initializing Eureka in region us-east-1
2026-04-02 21:23:43 INFO Client configured to neither register nor query for data.
2026-04-02 21:23:43 INFO Discovery Client initialized at timestamp 1775154223178 with initial instances count: 0
2026-04-02 21:23:43 INFO Initializing ...
2026-04-02 21:23:43 WARN The replica size seems to be empty. Check the route 53 DNS Registry
2026-04-02 21:23:43 INFO Finished initializing remote region registries. All known remote regions: []
2026-04-02 21:23:43 INFO Initialized
2026-04-02 21:23:43 INFO Exposing 1 endpoint beneath base path '/actuator'
2026-04-02 21:23:43 INFO Registering application DISCOVERY-SERVICE with eureka with status UP
2026-04-02 21:23:43 INFO Starting ProtocolHandler ["http-nio-10100"]
2026-04-02 21:23:43 INFO isAws returned false
2026-04-02 21:23:43 INFO Initialized server context
2026-04-02 21:23:43 INFO Got 1 instances from neighboring DS node
2026-04-02 21:23:43 INFO Renew threshold is: 1
2026-04-02 21:23:43 INFO Changing status to UP
2026-04-02 21:23:43 INFO Started Eureka Server
2026-04-02 21:23:43 INFO Tomcat started on port 10100 (http) with context path '/'
2026-04-02 21:23:43 INFO Updating port to 10100
2026-04-02 21:23:43 INFO Started DiscoveryServiceApplication in 1.891 seconds (process running for 2.374)
2026-04-02 21:24:26 INFO Initializing Spring DispatcherServlet 'dispatcherServlet'
2026-04-02 21:24:26 INFO Initializing Servlet 'dispatcherServlet'
2026-04-02 21:24:26 INFO Completed initialization in 0 ms
2026-04-02 21:24:26 INFO Registered instance AUTH-SERVICE/archlinux:auth-service:10109 with status UP (replication=false)
2026-04-02 21:24:43 INFO Running the evict task with compensationTime 0ms
2026-04-02 21:25:43 INFO Running the evict task with compensationTime 0ms
2026-04-02 21:25:44 INFO Registered instance AUTH-SERVICE/archlinux:auth-service:10109 with status DOWN (replication=false)
2026-04-02 21:25:44 INFO Registered instance AUTH-SERVICE/archlinux:auth-service:10109 with status DOWN (replication=false)
2026-04-02 21:25:44 INFO Cancelled instance AUTH-SERVICE/archlinux:auth-service:10109 (replication=false)
2026-04-02 21:25:56 WARN DS: Registry: lease doesn't exist, registering resource: AUTH-SERVICE - archlinux:auth-service:10109
2026-04-02 21:25:56 WARN Not Found (Renew): AUTH-SERVICE - archlinux:auth-service:10109
2026-04-02 21:25:56 INFO Registered instance AUTH-SERVICE/archlinux:auth-service:10109 with status UP (replication=false)
2026-04-02 21:26:43 INFO Running the evict task with compensationTime 0ms
2026-04-02 21:27:21 INFO Registered instance AUTH-SERVICE/archlinux:auth-service:10109 with status DOWN (replication=false)
2026-04-02 21:27:24 INFO Cancelled instance AUTH-SERVICE/archlinux:auth-service:10109 (replication=false)
2026-04-02 21:27:37 INFO Registered instance AUTH-SERVICE/archlinux:auth-service:10109 with status UP (replication=false)
2026-04-02 21:27:43 INFO Running the evict task with compensationTime 0ms
2026-04-02 21:28:33 INFO Registered instance AUTH-SERVICE/archlinux:auth-service:10109 with status DOWN (replication=false)
2026-04-02 21:28:33 INFO Registered instance AUTH-SERVICE/archlinux:auth-service:10109 with status DOWN (replication=false)
2026-04-02 21:28:33 INFO Cancelled instance AUTH-SERVICE/archlinux:auth-service:10109 (replication=false)
2026-04-02 21:28:37 WARN DS: Registry: lease doesn't exist, registering resource: AUTH-SERVICE - archlinux:auth-service:10109
2026-04-02 21:28:37 WARN Not Found (Renew): AUTH-SERVICE - archlinux:auth-service:10109
2026-04-02 21:28:37 INFO Registered instance AUTH-SERVICE/archlinux:auth-service:10109 with status UP (replication=false)
2026-04-02 21:28:37 INFO Registered instance AUTH-SERVICE/archlinux:auth-service:10109 with status UP (replication=false)
2026-04-02 21:28:43 INFO Running the evict task with compensationTime 0ms
2026-04-02 21:28:52 INFO Registered instance AUTH-SERVICE/archlinux:auth-service:10109 with status DOWN (replication=false)
2026-04-02 21:28:52 INFO Registered instance AUTH-SERVICE/archlinux:auth-service:10109 with status DOWN (replication=false)
2026-04-02 21:28:52 INFO Cancelled instance AUTH-SERVICE/archlinux:auth-service:10109 (replication=false)
2026-04-02 21:29:07 WARN DS: Registry: lease doesn't exist, registering resource: AUTH-SERVICE - archlinux:auth-service:10109
2026-04-02 21:29:07 WARN Not Found (Renew): AUTH-SERVICE - archlinux:auth-service:10109
2026-04-02 21:29:07 INFO Registered instance AUTH-SERVICE/archlinux:auth-service:10109 with status UP (replication=false)
2026-04-02 21:29:38 INFO Registered instance AUTH-SERVICE/archlinux:auth-service:10109 with status DOWN (replication=false)
2026-04-02 21:29:41 INFO Cancelled instance AUTH-SERVICE/archlinux:auth-service:10109 (replication=false)
2026-04-02 21:29:43 INFO Running the evict task with compensationTime 0ms
2026-04-02 21:29:50 INFO Registered instance AUTH-SERVICE/archlinux:auth-service:10109 with status UP (replication=false)
2026-04-02 21:30:23 INFO Registered instance AUTH-SERVICE/archlinux:auth-service:10109 with status DOWN (replication=false)
2026-04-02 21:30:23 INFO Registered instance AUTH-SERVICE/archlinux:auth-service:10109 with status DOWN (replication=false)
2026-04-02 21:30:23 INFO Cancelled instance AUTH-SERVICE/archlinux:auth-service:10109 (replication=false)
2026-04-02 21:30:36 INFO Registered instance AUTH-SERVICE/archlinux:auth-service:10109 with status DOWN (replication=false)
2026-04-02 21:30:36 INFO Registered instance AUTH-SERVICE/archlinux:auth-service:10109 with status DOWN (replication=false)
2026-04-02 21:30:36 INFO Cancelled instance AUTH-SERVICE/archlinux:auth-service:10109 (replication=false)
2026-04-02 21:30:43 INFO Running the evict task with compensationTime 0ms
2026-04-02 21:30:50 WARN DS: Registry: lease doesn't exist, registering resource: AUTH-SERVICE - archlinux:auth-service:10109
2026-04-02 21:30:50 WARN Not Found (Renew): AUTH-SERVICE - archlinux:auth-service:10109
2026-04-02 21:30:50 INFO Registered instance AUTH-SERVICE/archlinux:auth-service:10109 with status UP (replication=false)
2026-04-02 21:31:43 INFO Running the evict task with compensationTime 0ms
2026-04-02 21:32:43 INFO Running the evict task with compensationTime 0ms
2026-04-02 21:32:48 INFO Registered instance AUTH-SERVICE/archlinux:auth-service:10109 with status DOWN (replication=false)
2026-04-02 21:32:51 INFO Cancelled instance AUTH-SERVICE/archlinux:auth-service:10109 (replication=false)
2026-04-02 21:33:12 INFO Registered instance AUTH-SERVICE/archlinux:auth-service:10109 with status UP (replication=false)
2026-04-02 21:33:43 WARN The replica size seems to be empty. Check the route 53 DNS Registry
2026-04-02 21:33:43 INFO Running the evict task with compensationTime 0ms
2026-04-02 21:34:43 INFO Running the evict task with compensationTime 0ms
2026-04-02 21:35:43 INFO Running the evict task with compensationTime 0ms
2026-04-02 21:36:24 INFO Registered instance AUTH-SERVICE/archlinux:auth-service:10109 with status DOWN (replication=false)
2026-04-02 21:36:27 INFO Cancelled instance AUTH-SERVICE/archlinux:auth-service:10109 (replication=false)
2026-04-02 21:36:32 INFO Unregistering application DISCOVERY-SERVICE with eureka with status DOWN
2026-04-02 21:36:32 INFO Commencing graceful shutdown. Waiting for active requests to complete
2026-04-02 21:36:32 INFO Graceful shutdown complete
2026-04-02 21:36:32 INFO Shutting down Eureka Server..
2026-04-02 21:36:32 INFO Shutting down ...
2026-04-02 21:36:32 INFO Shut down
2026-04-02 21:36:32 INFO Eureka Service is now shutdown...
2026-04-02 21:36:32 INFO Shutting down ...
2026-04-02 21:36:32 INFO Shut down
2026-04-02 21:36:32 INFO Shutting down DiscoveryClient ...
2026-04-02 21:36:32 INFO Completed shut down of DiscoveryClient
2026-04-02 21:37:18 INFO Starting DiscoveryServiceApplication using Java 26.0.2 with PID 29310 (/home/recep/Proje/CafeProject/backend/discovery-service/target/classes started by recep in /home/recep/Proje/CafeProject/backend/discovery-service)
2026-04-02 21:37:18 INFO No active profile set, falling back to 1 default profile: "default"
2026-04-02 21:37:18 INFO BeanFactory id=05138dc6-d18e-3d81-9951-8d57dfaaf116
2026-04-02 21:37:18 INFO Tomcat initialized with port 10100 (http)
2026-04-02 21:37:18 INFO Initializing ProtocolHandler ["http-nio-10100"]
2026-04-02 21:37:18 INFO Starting service [Tomcat]
2026-04-02 21:37:18 INFO Starting Servlet engine: [Apache Tomcat/10.1.33]
2026-04-02 21:37:18 INFO Initializing Spring embedded WebApplicationContext
2026-04-02 21:37:18 INFO Root WebApplicationContext: initialization completed in 578 ms
2026-04-02 21:37:19 INFO Using JSON encoding codec LegacyJacksonJson
2026-04-02 21:37:19 INFO Using JSON decoding codec LegacyJacksonJson
2026-04-02 21:37:19 INFO Using XML encoding codec XStreamXml
2026-04-02 21:37:19 INFO Using XML decoding codec XStreamXml
2026-04-02 21:37:19 WARN Spring Cloud LoadBalancer is currently working with the default cache. While this cache implementation is useful for development and tests, it's recommended to use Caffeine cache in production.You can switch to using Caffeine cache, by adding it and org.springframework.cache.caffeine.CaffeineCacheManager to the classpath.
2026-04-02 21:37:19 INFO Setting initial instance status as: STARTING
2026-04-02 21:37:19 INFO Initializing Eureka in region us-east-1
2026-04-02 21:37:19 INFO Client configured to neither register nor query for data.
2026-04-02 21:37:19 INFO Discovery Client initialized at timestamp 1775155039715 with initial instances count: 0
2026-04-02 21:37:19 INFO Initializing ...
2026-04-02 21:37:19 WARN The replica size seems to be empty. Check the route 53 DNS Registry
2026-04-02 21:37:19 INFO Finished initializing remote region registries. All known remote regions: []
2026-04-02 21:37:19 INFO Initialized
2026-04-02 21:37:19 INFO Exposing 1 endpoint beneath base path '/actuator'
2026-04-02 21:37:19 INFO Registering application DISCOVERY-SERVICE with eureka with status UP
2026-04-02 21:37:19 INFO Starting ProtocolHandler ["http-nio-10100"]
2026-04-02 21:37:19 INFO isAws returned false
2026-04-02 21:37:19 INFO Initialized server context
2026-04-02 21:37:19 INFO Got 1 instances from neighboring DS node
2026-04-02 21:37:19 INFO Renew threshold is: 1
2026-04-02 21:37:19 INFO Changing status to UP
2026-04-02 21:37:19 INFO Started Eureka Server
2026-04-02 21:37:19 INFO Tomcat started on port 10100 (http) with context path '/'
2026-04-02 21:37:19 INFO Updating port to 10100
2026-04-02 21:37:19 INFO Started DiscoveryServiceApplication in 1.757 seconds (process running for 2.211)
2026-04-02 21:38:05 INFO Initializing Spring DispatcherServlet 'dispatcherServlet'
2026-04-02 21:38:05 INFO Initializing Servlet 'dispatcherServlet'
2026-04-02 21:38:05 INFO Completed initialization in 0 ms
2026-04-02 21:38:05 INFO Registered instance AUTH-SERVICE/archlinux:auth-service:10109 with status UP (replication=false)
2026-04-02 21:38:19 INFO Running the evict task with compensationTime 0ms
2026-04-02 21:38:41 INFO Registered instance USER-SERVICE/archlinux:user-service with status UP (replication=false)
2026-04-02 21:39:19 INFO Running the evict task with compensationTime 0ms
2026-04-02 21:40:19 INFO Running the evict task with compensationTime 0ms
2026-04-02 21:41:19 INFO Running the evict task with compensationTime 0ms
2026-04-02 21:42:19 INFO Running the evict task with compensationTime 0ms
2026-04-02 21:43:19 INFO Running the evict task with compensationTime 0ms
2026-04-02 21:44:19 INFO Running the evict task with compensationTime 0ms
2026-04-02 21:45:19 INFO Running the evict task with compensationTime 0ms
2026-04-02 21:46:19 INFO Running the evict task with compensationTime 0ms
2026-04-02 21:47:19 WARN The replica size seems to be empty. Check the route 53 DNS Registry
2026-04-02 21:47:19 INFO Running the evict task with compensationTime 0ms
2026-04-02 21:48:19 INFO Running the evict task with compensationTime 0ms
2026-04-02 21:49:19 INFO Running the evict task with compensationTime 0ms
2026-04-02 21:50:19 INFO Running the evict task with compensationTime 0ms
2026-04-02 21:51:19 INFO Running the evict task with compensationTime 0ms
2026-04-02 21:52:04 INFO Registered instance GATEWAY-SERVICE/archlinux:gateway-service:10101 with status UP (replication=false)
2026-04-02 21:52:19 INFO Current renewal threshold is : 6
2026-04-02 21:52:19 INFO Running the evict task with compensationTime 0ms
2026-04-02 21:53:19 INFO Running the evict task with compensationTime 0ms
2026-04-02 21:54:19 INFO Running the evict task with compensationTime 0ms
2026-04-02 21:55:19 INFO Running the evict task with compensationTime 0ms
2026-04-02 21:56:19 INFO Running the evict task with compensationTime 0ms
2026-04-02 21:57:19 WARN The replica size seems to be empty. Check the route 53 DNS Registry
2026-04-02 21:57:19 INFO Running the evict task with compensationTime 0ms
2026-04-02 21:58:19 INFO Running the evict task with compensationTime 0ms
2026-04-02 21:58:34 INFO Registered instance AUTH-SERVICE/archlinux:auth-service:10109 with status DOWN (replication=false)
2026-04-02 21:58:37 INFO Cancelled instance AUTH-SERVICE/archlinux:auth-service:10109 (replication=false)
2026-04-02 21:58:45 INFO Registered instance AUTH-SERVICE/archlinux:auth-service:10109 with status UP (replication=false)
2026-04-02 21:59:19 INFO Running the evict task with compensationTime 0ms
2026-04-02 22:00:19 INFO Running the evict task with compensationTime 0ms
2026-04-02 22:00:47 INFO Registered instance AUTH-SERVICE/archlinux:auth-service:10109 with status DOWN (replication=false)
2026-04-02 22:00:50 INFO Cancelled instance AUTH-SERVICE/archlinux:auth-service:10109 (replication=false)
2026-04-02 22:01:12 INFO Registered instance AUTH-SERVICE/archlinux:auth-service:10109 with status UP (replication=false)
2026-04-02 22:01:19 INFO Running the evict task with compensationTime 0ms
2026-04-02 22:02:19 INFO Running the evict task with compensationTime 0ms
2026-04-02 22:03:19 INFO Running the evict task with compensationTime 0ms
2026-04-02 22:04:19 INFO Running the evict task with compensationTime 0ms
2026-04-02 22:05:19 INFO Running the evict task with compensationTime 0ms
2026-04-02 22:06:19 INFO Running the evict task with compensationTime 0ms
2026-04-02 22:07:19 WARN The replica size seems to be empty. Check the route 53 DNS Registry
2026-04-02 22:07:19 INFO Current renewal threshold is : 6
2026-04-02 22:07:19 INFO Running the evict task with compensationTime 0ms
2026-04-02 22:08:19 INFO Running the evict task with compensationTime 0ms
2026-04-02 22:09:19 INFO Running the evict task with compensationTime 0ms
2026-04-02 22:09:58 INFO Registered instance GATEWAY-SERVICE/archlinux:gateway-service:10101 with status DOWN (replication=false)
2026-04-02 22:10:03 INFO Cancelled instance GATEWAY-SERVICE/archlinux:gateway-service:10101 (replication=false)
2026-04-02 22:10:09 INFO Registered instance GATEWAY-SERVICE/archlinux:gateway-service:10101 with status UP (replication=false)
2026-04-02 22:10:19 INFO Running the evict task with compensationTime 0ms
2026-04-02 22:11:19 INFO Running the evict task with compensationTime 0ms
2026-04-02 22:12:19 INFO Running the evict task with compensationTime 0ms
2026-04-02 22:12:59 INFO Starting DiscoveryServiceApplication using Java 26.0.2 with PID 38625 (/home/recep/Proje/CafeProject/backend/discovery-service/target/classes started by recep in /home/recep/Proje/CafeProject/backend/discovery-service)
2026-04-02 22:12:59 INFO No active profile set, falling back to 1 default profile: "default"
2026-04-02 22:13:00 INFO BeanFactory id=05138dc6-d18e-3d81-9951-8d57dfaaf116
2026-04-02 22:13:00 INFO Tomcat initialized with port 10100 (http)
2026-04-02 22:13:00 INFO Initializing ProtocolHandler ["http-nio-10100"]
2026-04-02 22:13:00 INFO Starting service [Tomcat]
2026-04-02 22:13:00 INFO Starting Servlet engine: [Apache Tomcat/10.1.33]
2026-04-02 22:13:00 INFO Initializing Spring embedded WebApplicationContext
2026-04-02 22:13:00 INFO Root WebApplicationContext: initialization completed in 633 ms
2026-04-02 22:13:00 INFO Using JSON encoding codec LegacyJacksonJson
2026-04-02 22:13:00 INFO Using JSON decoding codec LegacyJacksonJson
2026-04-02 22:13:00 INFO Using XML encoding codec XStreamXml
2026-04-02 22:13:00 INFO Using XML decoding codec XStreamXml
2026-04-02 22:13:01 WARN Spring Cloud LoadBalancer is currently working with the default cache. While this cache implementation is useful for development and tests, it's recommended to use Caffeine cache in production.You can switch to using Caffeine cache, by adding it and org.springframework.cache.caffeine.CaffeineCacheManager to the classpath.
2026-04-02 22:13:01 INFO Setting initial instance status as: STARTING
2026-04-02 22:13:01 INFO Initializing Eureka in region us-east-1
2026-04-02 22:13:01 INFO Client configured to neither register nor query for data.
2026-04-02 22:13:01 INFO Discovery Client initialized at timestamp 1775157181436 with initial instances count: 0
2026-04-02 22:13:01 INFO Initializing ...
2026-04-02 22:13:01 WARN The replica size seems to be empty. Check the route 53 DNS Registry
2026-04-02 22:13:01 INFO Finished initializing remote region registries. All known remote regions: []
2026-04-02 22:13:01 INFO Initialized
2026-04-02 22:13:01 INFO Exposing 1 endpoint beneath base path '/actuator'
2026-04-02 22:13:01 INFO Registering application DISCOVERY-SERVICE with eureka with status UP
2026-04-02 22:13:01 INFO Starting ProtocolHandler ["http-nio-10100"]
2026-04-02 22:13:01 INFO isAws returned false
2026-04-02 22:13:01 INFO Unregistering application DISCOVERY-SERVICE with eureka with status DOWN
2026-04-02 22:13:01 INFO Initialized server context
2026-04-02 22:13:01 INFO Got 1 instances from neighboring DS node
2026-04-02 22:13:01 WARN Exception encountered during context initialization - cancelling refresh attempt: org.springframework.context.ApplicationContextException: Failed to start bean 'webServerStartStop'
2026-04-02 22:13:01 INFO Renew threshold is: 1
2026-04-02 22:13:01 INFO Changing status to UP
2026-04-02 22:13:01 INFO Shutting down ...
2026-04-02 22:13:01 INFO Shut down
2026-04-02 22:13:01 INFO Shutting down DiscoveryClient ...
2026-04-02 22:13:01 ERROR Cannot bootstrap eureka server :
java.lang.IllegalStateException: Timer already cancelled.
	at java.base/java.util.Timer.sched(Timer.java:408) ~[?:?]
	at java.base/java.util.Timer.schedule(Timer.java:259) ~[?:?]
	at com.netflix.eureka.registry.AbstractInstanceRegistry.postInit(AbstractInstanceRegistry.java:1226) ~[eureka-core-2.0.4.jar:2.0.4]
	at com.netflix.eureka.registry.PeerAwareInstanceRegistryImpl.openForTraffic(PeerAwareInstanceRegistryImpl.java:259) ~[eureka-core-2.0.4.jar:2.0.4]
	at org.springframework.cloud.netflix.eureka.server.InstanceRegistry.openForTraffic(InstanceRegistry.java:77) ~[spring-cloud-netflix-eureka-server-4.2.0.jar:4.2.0]
	at org.springframework.cloud.netflix.eureka.server.EurekaServerBootstrap.initEurekaServerContext(EurekaServerBootstrap.java:112) ~[spring-cloud-netflix-eureka-server-4.2.0.jar:4.2.0]
	at org.springframework.cloud.netflix.eureka.server.EurekaServerBootstrap.contextInitialized(EurekaServerBootstrap.java:70) [spring-cloud-netflix-eureka-server-4.2.0.jar:4.2.0]
	at org.springframework.cloud.netflix.eureka.server.EurekaServerInitializerConfiguration.lambda$start$0(EurekaServerInitializerConfiguration.java:67) [spring-cloud-netflix-eureka-server-4.2.0.jar:4.2.0]
	at java.base/java.lang.Thread.run(Thread.java:1516) [?:?]
2026-04-02 22:13:01 INFO Completed shut down of DiscoveryClient
2026-04-02 22:13:01 ERROR Could not initialize Eureka servlet context
java.lang.RuntimeException: Cannot bootstrap eureka server :
	at org.springframework.cloud.netflix.eureka.server.EurekaServerBootstrap.contextInitialized(EurekaServerBootstrap.java:76) ~[spring-cloud-netflix-eureka-server-4.2.0.jar:4.2.0]
	at org.springframework.cloud.netflix.eureka.server.EurekaServerInitializerConfiguration.lambda$start$0(EurekaServerInitializerConfiguration.java:67) [spring-cloud-netflix-eureka-server-4.2.0.jar:4.2.0]
	at java.base/java.lang.Thread.run(Thread.java:1516) [?:?]
Caused by: java.lang.IllegalStateException: Timer already cancelled.
	at java.base/java.util.Timer.sched(Timer.java:408) ~[?:?]
	at java.base/java.util.Timer.schedule(Timer.java:259) ~[?:?]
	at com.netflix.eureka.registry.AbstractInstanceRegistry.postInit(AbstractInstanceRegistry.java:1226) ~[eureka-core-2.0.4.jar:2.0.4]
	at com.netflix.eureka.registry.PeerAwareInstanceRegistryImpl.openForTraffic(PeerAwareInstanceRegistryImpl.java:259) ~[eureka-core-2.0.4.jar:2.0.4]
	at org.springframework.cloud.netflix.eureka.server.InstanceRegistry.openForTraffic(InstanceRegistry.java:77) ~[spring-cloud-netflix-eureka-server-4.2.0.jar:4.2.0]
	at org.springframework.cloud.netflix.eureka.server.EurekaServerBootstrap.initEurekaServerContext(EurekaServerBootstrap.java:112) ~[spring-cloud-netflix-eureka-server-4.2.0.jar:4.2.0]
	at org.springframework.cloud.netflix.eureka.server.EurekaServerBootstrap.contextInitialized(EurekaServerBootstrap.java:70) ~[spring-cloud-netflix-eureka-server-4.2.0.jar:4.2.0]
	... 2 more
2026-04-02 22:13:01 INFO 

Error starting ApplicationContext. To display the condition evaluation report re-run your application with 'debug' enabled.
2026-04-02 22:13:01 ERROR Application run failed
org.springframework.context.ApplicationContextException: Failed to start bean 'webServerStartStop'
	at org.springframework.context.support.DefaultLifecycleProcessor.doStart(DefaultLifecycleProcessor.java:326) ~[spring-context-6.2.0.jar:6.2.0]
	at org.springframework.context.support.DefaultLifecycleProcessor$LifecycleGroup.start(DefaultLifecycleProcessor.java:510) ~[spring-context-6.2.0.jar:6.2.0]
	at java.base/java.lang.Iterable.forEach(Iterable.java:75) ~[?:?]
	at org.springframework.context.support.DefaultLifecycleProcessor.startBeans(DefaultLifecycleProcessor.java:295) ~[spring-context-6.2.0.jar:6.2.0]
	at org.springframework.context.support.DefaultLifecycleProcessor.onRefresh(DefaultLifecycleProcessor.java:240) ~[spring-context-6.2.0.jar:6.2.0]
	at org.springframework.context.support.AbstractApplicationContext.finishRefresh(AbstractApplicationContext.java:1006) ~[spring-context-6.2.0.jar:6.2.0]
	at org.springframework.context.support.AbstractApplicationContext.refresh(AbstractApplicationContext.java:630) ~[spring-context-6.2.0.jar:6.2.0]
	at org.springframework.boot.web.servlet.context.ServletWebServerApplicationContext.refresh(ServletWebServerApplicationContext.java:146) ~[spring-boot-3.4.0.jar:3.4.0]
	at org.springframework.boot.SpringApplication.refresh(SpringApplication.java:752) [spring-boot-3.4.0.jar:3.4.0]
	at org.springframework.boot.SpringApplication.refreshContext(SpringApplication.java:439) [spring-boot-3.4.0.jar:3.4.0]
	at org.springframework.boot.SpringApplication.run(SpringApplication.java:318) [spring-boot-3.4.0.jar:3.4.0]
	at org.springframework.boot.SpringApplication.run(SpringApplication.java:1361) [spring-boot-3.4.0.jar:3.4.0]
	at org.springframework.boot.SpringApplication.run(SpringApplication.java:1350) [spring-boot-3.4.0.jar:3.4.0]
	at com.project.discoveryservice.DiscoveryServiceApplication.main(DiscoveryServiceApplication.java:12) [classes/:?]
Caused by: org.springframework.boot.web.server.WebServerException: Unable to start embedded Tomcat server
	at org.springframework.boot.web.embedded.tomcat.TomcatWebServer.start(TomcatWebServer.java:251) ~[spring-boot-3.4.0.jar:3.4.0]
	at org.springframework.boot.web.servlet.context.WebServerStartStopLifecycle.start(WebServerStartStopLifecycle.java:44) ~[spring-boot-3.4.0.jar:3.4.0]
	at org.springframework.context.support.DefaultLifecycleProcessor.doStart(DefaultLifecycleProcessor.java:323) ~[spring-context-6.2.0.jar:6.2.0]
	... 13 more
Caused by: java.lang.IllegalArgumentException: standardService.connector.startFailed
	at org.apache.catalina.core.StandardService.addConnector(StandardService.java:222) ~[tomcat-embed-core-10.1.33.jar:10.1.33]
	at org.springframework.boot.web.embedded.tomcat.TomcatWebServer.addPreviouslyRemovedConnectors(TomcatWebServer.java:310) ~[spring-boot-3.4.0.jar:3.4.0]
	at org.springframework.boot.web.embedded.tomcat.TomcatWebServer.start(TomcatWebServer.java:236) ~[spring-boot-3.4.0.jar:3.4.0]
	at org.springframework.boot.web.servlet.context.WebServerStartStopLifecycle.start(WebServerStartStopLifecycle.java:44) ~[spring-boot-3.4.0.jar:3.4.0]
	at org.springframework.context.support.DefaultLifecycleProcessor.doStart(DefaultLifecycleProcessor.java:323) ~[spring-context-6.2.0.jar:6.2.0]
	... 13 more
Caused by: org.apache.catalina.LifecycleException: Protocol handler start failed
	at org.apache.catalina.connector.Connector.startInternal(Connector.java:1061) ~[tomcat-embed-core-10.1.33.jar:10.1.33]
	at org.apache.catalina.util.LifecycleBase.start(LifecycleBase.java:164) ~[tomcat-embed-core-10.1.33.jar:10.1.33]
	at org.apache.catalina.core.StandardService.addConnector(StandardService.java:219) ~[tomcat-embed-core-10.1.33.jar:10.1.33]
	at org.springframework.boot.web.embedded.tomcat.TomcatWebServer.addPreviouslyRemovedConnectors(TomcatWebServer.java:310) ~[spring-boot-3.4.0.jar:3.4.0]
	at org.springframework.boot.web.embedded.tomcat.TomcatWebServer.start(TomcatWebServer.java:236) ~[spring-boot-3.4.0.jar:3.4.0]
	at org.springframework.boot.web.servlet.context.WebServerStartStopLifecycle.start(WebServerStartStopLifecycle.java:44) ~[spring-boot-3.4.0.jar:3.4.0]
	at org.springframework.context.support.DefaultLifecycleProcessor.doStart(DefaultLifecycleProcessor.java:323) ~[spring-context-6.2.0.jar:6.2.0]
	... 13 more
Caused by: java.net.BindException: Adres zaten kullanımda
	at java.base/sun.nio.ch.Net.bind0(Native Method) ~[?:?]
	at java.base/sun.nio.ch.Net.bind(Net.java:525) ~[?:?]
	at java.base/sun.nio.ch.ServerSocketChannelImpl.netBind(ServerSocketChannelImpl.java:333) ~[?:?]
	at java.base/sun.nio.ch.ServerSocketChannelImpl.bind(ServerSocketChannelImpl.java:296) ~[?:?]
	at org.apache.tomcat.util.net.NioEndpoint.initServerSocket(NioEndpoint.java:239) ~[tomcat-embed-core-10.1.33.jar:10.1.33]
	at org.apache.tomcat.util.net.NioEndpoint.bind(NioEndpoint.java:194) ~[tomcat-embed-core-10.1.33.jar:10.1.33]
	at org.apache.tomcat.util.net.AbstractEndpoint.bindWithCleanup(AbstractEndpoint.java:1304) ~[tomcat-embed-core-10.1.33.jar:10.1.33]
	at org.apache.tomcat.util.net.AbstractEndpoint.start(AbstractEndpoint.java:1390) ~[tomcat-embed-core-10.1.33.jar:10.1.33]
	at org.apache.coyote.AbstractProtocol.start(AbstractProtocol.java:644) ~[tomcat-embed-core-10.1.33.jar:10.1.33]
	at org.apache.catalina.connector.Connector.startInternal(Connector.java:1058) ~[tomcat-embed-core-10.1.33.jar:10.1.33]
	at org.apache.catalina.util.LifecycleBase.start(LifecycleBase.java:164) ~[tomcat-embed-core-10.1.33.jar:10.1.33]
	at org.apache.catalina.core.StandardService.addConnector(StandardService.java:219) ~[tomcat-embed-core-10.1.33.jar:10.1.33]
	at org.springframework.boot.web.embedded.tomcat.TomcatWebServer.addPreviouslyRemovedConnectors(TomcatWebServer.java:310) ~[spring-boot-3.4.0.jar:3.4.0]
	at org.springframework.boot.web.embedded.tomcat.TomcatWebServer.start(TomcatWebServer.java:236) ~[spring-boot-3.4.0.jar:3.4.0]
	at org.springframework.boot.web.servlet.context.WebServerStartStopLifecycle.start(WebServerStartStopLifecycle.java:44) ~[spring-boot-3.4.0.jar:3.4.0]
	at org.springframework.context.support.DefaultLifecycleProcessor.doStart(DefaultLifecycleProcessor.java:323) ~[spring-context-6.2.0.jar:6.2.0]
	... 13 more
2026-04-02 22:13:19 INFO Running the evict task with compensationTime 0ms
2026-04-02 22:14:19 INFO Running the evict task with compensationTime 0ms
2026-04-02 22:15:19 INFO Running the evict task with compensationTime 0ms
2026-04-02 22:16:19 INFO Running the evict task with compensationTime 0ms
2026-04-02 22:17:19 WARN The replica size seems to be empty. Check the route 53 DNS Registry
2026-04-02 22:17:19 INFO Running the evict task with compensationTime 0ms
2026-04-02 22:18:19 INFO Running the evict task with compensationTime 0ms
2026-04-02 22:18:38 INFO Registered instance GATEWAY-SERVICE/archlinux:gateway-service:10101 with status DOWN (replication=false)
2026-04-02 22:18:43 INFO Cancelled instance GATEWAY-SERVICE/archlinux:gateway-service:10101 (replication=false)
2026-04-02 22:18:49 INFO Registered instance GATEWAY-SERVICE/archlinux:gateway-service:10101 with status UP (replication=false)
2026-04-02 22:19:19 INFO Running the evict task with compensationTime 0ms
2026-04-02 22:20:19 INFO Running the evict task with compensationTime 0ms
2026-04-02 22:21:19 INFO Running the evict task with compensationTime 0ms
2026-04-02 22:22:19 INFO Current renewal threshold is : 6
2026-04-02 22:22:19 INFO Running the evict task with compensationTime 0ms
2026-04-02 22:23:19 INFO Running the evict task with compensationTime 0ms
2026-04-02 22:24:19 INFO Running the evict task with compensationTime 0ms
2026-04-02 22:25:19 INFO Running the evict task with compensationTime 0ms
2026-04-02 22:26:19 INFO Running the evict task with compensationTime 0ms
2026-04-02 22:27:19 WARN The replica size seems to be empty. Check the route 53 DNS Registry
2026-04-02 22:27:19 INFO Running the evict task with compensationTime 0ms
2026-04-02 22:28:19 INFO Running the evict task with compensationTime 0ms
2026-04-02 22:29:19 INFO Running the evict task with compensationTime 0ms
2026-04-02 22:30:19 INFO Running the evict task with compensationTime 0ms
2026-04-02 22:31:19 INFO Running the evict task with compensationTime 0ms
2026-04-02 22:32:19 INFO Running the evict task with compensationTime 0ms
2026-04-02 22:33:19 INFO Running the evict task with compensationTime 0ms
2026-04-02 22:34:19 INFO Running the evict task with compensationTime 0ms
2026-04-02 22:35:19 INFO Running the evict task with compensationTime 0ms
2026-04-02 22:36:19 INFO Running the evict task with compensationTime 0ms
2026-04-02 22:37:19 WARN The replica size seems to be empty. Check the route 53 DNS Registry
2026-04-02 22:37:19 INFO Current renewal threshold is : 6
2026-04-02 22:37:19 INFO Running the evict task with compensationTime 0ms
2026-04-02 22:38:19 INFO Running the evict task with compensationTime 0ms
2026-04-02 22:39:19 INFO Running the evict task with compensationTime 0ms
2026-04-02 22:40:19 INFO Running the evict task with compensationTime 0ms
2026-04-02 22:41:19 INFO Running the evict task with compensationTime 0ms
2026-04-02 22:42:19 INFO Running the evict task with compensationTime 0ms
2026-04-02 22:43:19 INFO Running the evict task with compensationTime 0ms
2026-04-02 22:44:19 INFO Running the evict task with compensationTime 0ms
2026-04-02 22:45:19 INFO Running the evict task with compensationTime 0ms
2026-04-02 22:46:19 INFO Running the evict task with compensationTime 0ms
2026-04-02 22:47:19 WARN The replica size seems to be empty. Check the route 53 DNS Registry
2026-04-02 22:47:19 INFO Running the evict task with compensationTime 0ms
2026-04-02 22:48:19 INFO Running the evict task with compensationTime 0ms
2026-04-02 22:49:19 INFO Running the evict task with compensationTime 0ms
2026-04-02 22:50:19 INFO Running the evict task with compensationTime 0ms
2026-04-02 22:51:19 INFO Running the evict task with compensationTime 0ms
2026-04-02 22:52:19 INFO Current renewal threshold is : 6
2026-04-02 22:52:19 INFO Running the evict task with compensationTime 0ms
2026-04-02 22:53:19 INFO Running the evict task with compensationTime 0ms
2026-04-02 22:54:19 INFO Running the evict task with compensationTime 0ms
2026-04-02 22:55:19 INFO Running the evict task with compensationTime 0ms
2026-04-02 22:56:19 INFO Running the evict task with compensationTime 0ms
2026-04-02 22:57:19 WARN The replica size seems to be empty. Check the route 53 DNS Registry
2026-04-02 22:57:19 INFO Running the evict task with compensationTime 0ms
2026-04-02 22:58:19 INFO Running the evict task with compensationTime 0ms
2026-04-02 22:59:19 INFO Running the evict task with compensationTime 0ms
2026-04-02 23:00:19 INFO Running the evict task with compensationTime 0ms
2026-04-02 23:01:19 INFO Running the evict task with compensationTime 0ms
2026-04-02 23:02:19 INFO Running the evict task with compensationTime 0ms
2026-04-02 23:03:19 INFO Running the evict task with compensationTime 0ms
2026-04-02 23:04:19 INFO Running the evict task with compensationTime 0ms
2026-04-02 23:05:19 INFO Running the evict task with compensationTime 0ms
2026-04-02 23:06:19 INFO Running the evict task with compensationTime 0ms
2026-04-02 23:07:19 INFO Current renewal threshold is : 6
2026-04-02 23:07:19 WARN The replica size seems to be empty. Check the route 53 DNS Registry
2026-04-02 23:07:19 INFO Running the evict task with compensationTime 0ms
2026-04-02 23:08:19 INFO Running the evict task with compensationTime 0ms
2026-04-02 23:09:19 INFO Running the evict task with compensationTime 0ms
2026-04-02 23:10:19 INFO Running the evict task with compensationTime 0ms
2026-04-02 23:11:19 INFO Running the evict task with compensationTime 0ms
2026-04-02 23:12:19 INFO Running the evict task with compensationTime 0ms
2026-04-02 23:13:19 INFO Running the evict task with compensationTime 0ms
2026-04-02 23:14:19 INFO Running the evict task with compensationTime 0ms
2026-04-02 23:15:19 INFO Running the evict task with compensationTime 0ms
2026-04-02 23:16:19 INFO Running the evict task with compensationTime 0ms
2026-04-02 23:17:19 WARN The replica size seems to be empty. Check the route 53 DNS Registry
2026-04-02 23:17:19 INFO Running the evict task with compensationTime 0ms
2026-04-02 23:18:19 INFO Running the evict task with compensationTime 0ms
2026-04-02 23:19:19 INFO Running the evict task with compensationTime 0ms
2026-04-02 23:20:19 INFO Running the evict task with compensationTime 0ms
2026-04-02 23:21:19 INFO Running the evict task with compensationTime 0ms
2026-04-02 23:22:19 INFO Current renewal threshold is : 6
2026-04-02 23:22:19 INFO Running the evict task with compensationTime 0ms
2026-04-02 23:23:19 INFO Running the evict task with compensationTime 0ms
2026-04-02 23:24:19 INFO Running the evict task with compensationTime 0ms
2026-04-02 23:25:19 INFO Running the evict task with compensationTime 0ms
2026-04-02 23:26:19 INFO Running the evict task with compensationTime 0ms
2026-04-02 23:27:19 WARN The replica size seems to be empty. Check the route 53 DNS Registry
2026-04-02 23:27:19 INFO Running the evict task with compensationTime 0ms
2026-04-02 23:28:19 INFO Running the evict task with compensationTime 0ms
2026-04-02 23:29:19 INFO Running the evict task with compensationTime 0ms
2026-04-02 23:30:19 INFO Running the evict task with compensationTime 0ms
2026-04-02 23:31:19 INFO Running the evict task with compensationTime 0ms
2026-04-02 23:32:19 INFO Running the evict task with compensationTime 0ms
2026-04-02 23:33:19 INFO Running the evict task with compensationTime 0ms
2026-04-02 23:34:19 INFO Running the evict task with compensationTime 0ms
2026-04-02 23:35:19 INFO Running the evict task with compensationTime 0ms
2026-04-02 23:36:19 INFO Running the evict task with compensationTime 0ms
2026-04-02 23:37:19 INFO Current renewal threshold is : 6
2026-04-02 23:37:19 WARN The replica size seems to be empty. Check the route 53 DNS Registry
2026-04-02 23:37:19 INFO Running the evict task with compensationTime 0ms
2026-04-02 23:38:19 INFO Running the evict task with compensationTime 0ms
2026-04-02 23:39:15 INFO Registered instance AUTH-SERVICE/archlinux:auth-service:10109 with status DOWN (replication=false)
2026-04-02 23:39:18 INFO Cancelled instance AUTH-SERVICE/archlinux:auth-service:10109 (replication=false)
2026-04-02 23:39:19 INFO Running the evict task with compensationTime 0ms
2026-04-02 23:39:23 INFO Registered instance AUTH-SERVICE/archlinux:auth-service:10109 with status UP (replication=false)
2026-04-02 23:40:17 INFO Registered instance AUTH-SERVICE/archlinux:auth-service:10109 with status DOWN (replication=false)
2026-04-02 23:40:19 INFO Running the evict task with compensationTime 0ms
2026-04-02 23:40:20 INFO Cancelled instance AUTH-SERVICE/archlinux:auth-service:10109 (replication=false)
2026-04-02 23:40:36 INFO Registered instance AUTH-SERVICE/archlinux:auth-service:10109 with status UP (replication=false)
2026-04-02 23:41:19 INFO Running the evict task with compensationTime 0ms
2026-04-02 23:42:19 INFO Running the evict task with compensationTime 0ms
2026-04-02 23:42:31 INFO Registered instance AUTH-SERVICE/archlinux:auth-service:10109 with status DOWN (replication=false)
2026-04-02 23:42:34 INFO Cancelled instance AUTH-SERVICE/archlinux:auth-service:10109 (replication=false)
2026-04-02 23:43:19 INFO Running the evict task with compensationTime 0ms
2026-04-02 23:44:19 INFO Running the evict task with compensationTime 0ms
2026-04-02 23:44:22 INFO Registered instance AUTH-SERVICE/archlinux:auth-service:10109 with status UP (replication=false)
2026-04-02 23:45:19 INFO Running the evict task with compensationTime 0ms
2026-04-02 23:46:19 INFO Running the evict task with compensationTime 0ms
2026-04-02 23:47:19 WARN The replica size seems to be empty. Check the route 53 DNS Registry
2026-04-02 23:47:19 INFO Running the evict task with compensationTime 0ms
2026-04-02 23:48:19 INFO Running the evict task with compensationTime 0ms
2026-04-02 23:48:53 INFO Unregistering application DISCOVERY-SERVICE with eureka with status DOWN
2026-04-02 23:48:53 INFO Commencing graceful shutdown. Waiting for active requests to complete
2026-04-02 23:48:53 INFO Graceful shutdown complete
2026-04-02 23:48:53 INFO Shutting down Eureka Server..
2026-04-02 23:48:53 INFO Shutting down ...
2026-04-02 23:48:53 INFO Shut down
2026-04-02 23:48:53 INFO Eureka Service is now shutdown...
2026-04-02 23:48:53 INFO Shutting down ...
2026-04-02 23:48:53 INFO Shut down
2026-04-02 23:48:53 INFO Shutting down DiscoveryClient ...
2026-04-02 23:48:53 INFO Completed shut down of DiscoveryClient
2026-04-02 23:49:34 INFO Starting DiscoveryServiceApplication using Java 26.0.2 with PID 64391 (/home/recep/Proje/CafeProject/backend/discovery-service/target/classes started by recep in /home/recep/Proje/CafeProject/backend/discovery-service)
2026-04-02 23:49:34 INFO No active profile set, falling back to 1 default profile: "default"
2026-04-02 23:49:34 INFO BeanFactory id=05138dc6-d18e-3d81-9951-8d57dfaaf116
2026-04-02 23:49:34 INFO Tomcat initialized with port 10100 (http)
2026-04-02 23:49:34 INFO Initializing ProtocolHandler ["http-nio-10100"]
2026-04-02 23:49:34 INFO Starting service [Tomcat]
2026-04-02 23:49:34 INFO Starting Servlet engine: [Apache Tomcat/10.1.33]
2026-04-02 23:49:34 INFO Initializing Spring embedded WebApplicationContext
2026-04-02 23:49:34 INFO Root WebApplicationContext: initialization completed in 684 ms
2026-04-02 23:49:35 INFO Using JSON encoding codec LegacyJacksonJson
2026-04-02 23:49:35 INFO Using JSON decoding codec LegacyJacksonJson
2026-04-02 23:49:35 INFO Using XML encoding codec XStreamXml
2026-04-02 23:49:35 INFO Using XML decoding codec XStreamXml
2026-04-02 23:49:35 WARN Spring Cloud LoadBalancer is currently working with the default cache. While this cache implementation is useful for development and tests, it's recommended to use Caffeine cache in production.You can switch to using Caffeine cache, by adding it and org.springframework.cache.caffeine.CaffeineCacheManager to the classpath.
2026-04-02 23:49:35 INFO Setting initial instance status as: STARTING
2026-04-02 23:49:35 INFO Initializing Eureka in region us-east-1
2026-04-02 23:49:35 INFO Client configured to neither register nor query for data.
2026-04-02 23:49:35 INFO Discovery Client initialized at timestamp 1775162975787 with initial instances count: 0
2026-04-02 23:49:35 INFO Initializing ...
2026-04-02 23:49:35 WARN The replica size seems to be empty. Check the route 53 DNS Registry
2026-04-02 23:49:35 INFO Finished initializing remote region registries. All known remote regions: []
2026-04-02 23:49:35 INFO Initialized
2026-04-02 23:49:35 INFO Exposing 1 endpoint beneath base path '/actuator'
2026-04-02 23:49:35 INFO Registering application DISCOVERY-SERVICE with eureka with status UP
2026-04-02 23:49:35 INFO Starting ProtocolHandler ["http-nio-10100"]
2026-04-02 23:49:35 INFO isAws returned false
2026-04-02 23:49:35 INFO Initialized server context
2026-04-02 23:49:35 INFO Got 1 instances from neighboring DS node
2026-04-02 23:49:35 INFO Renew threshold is: 1
2026-04-02 23:49:35 INFO Changing status to UP
2026-04-02 23:49:35 INFO Started Eureka Server
2026-04-02 23:49:35 INFO Tomcat started on port 10100 (http) with context path '/'
2026-04-02 23:49:35 INFO Updating port to 10100
2026-04-02 23:49:35 INFO Started DiscoveryServiceApplication in 1.981 seconds (process running for 2.469)
2026-04-02 23:49:46 INFO Initializing Spring DispatcherServlet 'dispatcherServlet'
2026-04-02 23:49:46 INFO Initializing Servlet 'dispatcherServlet'
2026-04-02 23:49:46 INFO Completed initialization in 1 ms
2026-04-02 23:49:46 INFO Registered instance AUTH-SERVICE/archlinux:auth-service:10109 with status DOWN (replication=false)
2026-04-02 23:49:46 INFO Registered instance AUTH-SERVICE/archlinux:auth-service:10109 with status DOWN (replication=false)
2026-04-02 23:49:46 INFO Cancelled instance AUTH-SERVICE/archlinux:auth-service:10109 (replication=false)
2026-04-02 23:49:52 WARN DS: Registry: lease doesn't exist, registering resource: AUTH-SERVICE - archlinux:auth-service:10109
2026-04-02 23:49:52 WARN Not Found (Renew): AUTH-SERVICE - archlinux:auth-service:10109
2026-04-02 23:49:52 INFO Registered instance AUTH-SERVICE/archlinux:auth-service:10109 with status UP (replication=false)
2026-04-02 23:50:02 INFO Registered instance GATEWAY-SERVICE/archlinux:gateway-service:10101 with status UP (replication=false)
2026-04-02 23:50:31 INFO Registered instance USER-SERVICE/archlinux:user-service with status UP (replication=false)
2026-04-02 23:50:35 INFO Running the evict task with compensationTime 0ms
2026-04-02 23:51:35 INFO Running the evict task with compensationTime 0ms
2026-04-02 23:52:35 INFO Running the evict task with compensationTime 0ms
2026-04-02 23:53:35 INFO Running the evict task with compensationTime 0ms
2026-04-02 23:54:35 INFO Running the evict task with compensationTime 0ms
2026-04-02 23:55:35 INFO Running the evict task with compensationTime 0ms
2026-04-02 23:56:35 INFO Running the evict task with compensationTime 0ms
2026-04-02 23:57:35 INFO Running the evict task with compensationTime 0ms
2026-04-02 23:58:35 INFO Running the evict task with compensationTime 0ms
2026-04-02 23:59:35 WARN The replica size seems to be empty. Check the route 53 DNS Registry
2026-04-02 23:59:35 INFO Running the evict task with compensationTime 0ms
2026-04-03 00:00:35 INFO Running the evict task with compensationTime 0ms
2026-04-03 00:01:35 INFO Running the evict task with compensationTime 0ms
2026-04-03 00:02:35 INFO Running the evict task with compensationTime 0ms
2026-04-03 00:03:35 INFO Running the evict task with compensationTime 0ms
2026-04-03 00:04:35 INFO Current renewal threshold is : 6
2026-04-03 00:04:35 INFO Running the evict task with compensationTime 0ms
2026-04-03 00:05:35 INFO Running the evict task with compensationTime 0ms
2026-04-03 00:06:35 INFO Running the evict task with compensationTime 0ms
2026-04-03 00:07:35 INFO Running the evict task with compensationTime 0ms
2026-04-03 00:08:35 INFO Running the evict task with compensationTime 0ms
2026-04-03 00:09:35 WARN The replica size seems to be empty. Check the route 53 DNS Registry
2026-04-03 00:09:35 INFO Running the evict task with compensationTime 0ms
2026-04-03 00:10:35 INFO Running the evict task with compensationTime 0ms
2026-04-03 00:11:35 INFO Running the evict task with compensationTime 0ms
2026-04-03 00:12:35 INFO Running the evict task with compensationTime 0ms
2026-04-03 00:13:35 INFO Running the evict task with compensationTime 0ms
2026-04-03 00:14:35 INFO Running the evict task with compensationTime 0ms
2026-04-03 00:15:35 INFO Running the evict task with compensationTime 0ms
2026-04-03 00:16:35 INFO Running the evict task with compensationTime 0ms
2026-04-03 00:17:35 INFO Running the evict task with compensationTime 0ms
2026-04-03 00:18:35 INFO Running the evict task with compensationTime 0ms
2026-04-03 00:19:35 WARN The replica size seems to be empty. Check the route 53 DNS Registry
2026-04-03 00:19:35 INFO Current renewal threshold is : 6
2026-04-03 00:19:35 INFO Running the evict task with compensationTime 0ms
2026-04-03 00:20:35 INFO Running the evict task with compensationTime 0ms
2026-04-03 00:21:35 INFO Running the evict task with compensationTime 0ms
2026-04-03 00:22:35 INFO Running the evict task with compensationTime 0ms
2026-04-03 00:23:35 INFO Running the evict task with compensationTime 0ms
2026-04-03 00:24:35 INFO Running the evict task with compensationTime 0ms
2026-04-03 00:25:35 INFO Running the evict task with compensationTime 0ms
2026-04-03 00:26:35 INFO Running the evict task with compensationTime 0ms
2026-04-03 00:27:35 INFO Running the evict task with compensationTime 0ms
2026-04-03 00:28:35 INFO Running the evict task with compensationTime 0ms
2026-04-03 00:29:35 WARN The replica size seems to be empty. Check the route 53 DNS Registry
2026-04-03 00:29:35 INFO Running the evict task with compensationTime 0ms
2026-04-03 00:30:35 INFO Running the evict task with compensationTime 0ms
2026-04-03 00:31:35 INFO Running the evict task with compensationTime 0ms
2026-04-03 00:32:35 INFO Running the evict task with compensationTime 0ms
2026-04-03 00:33:35 INFO Running the evict task with compensationTime 0ms
2026-04-03 00:34:35 INFO Current renewal threshold is : 6
2026-04-03 00:34:35 INFO Running the evict task with compensationTime 0ms
2026-04-03 00:35:35 INFO Running the evict task with compensationTime 0ms
2026-04-03 00:36:35 INFO Running the evict task with compensationTime 0ms
2026-04-03 00:37:35 INFO Running the evict task with compensationTime 0ms
2026-04-03 00:38:35 INFO Running the evict task with compensationTime 0ms
2026-04-03 00:39:35 WARN The replica size seems to be empty. Check the route 53 DNS Registry
2026-04-03 00:39:35 INFO Running the evict task with compensationTime 0ms
2026-04-03 00:40:35 INFO Running the evict task with compensationTime 0ms
2026-04-03 00:41:35 INFO Running the evict task with compensationTime 0ms
2026-04-03 00:42:35 INFO Running the evict task with compensationTime 0ms
2026-04-03 00:43:35 INFO Running the evict task with compensationTime 0ms
2026-04-03 00:44:35 INFO Running the evict task with compensationTime 0ms
2026-04-03 00:45:35 INFO Running the evict task with compensationTime 0ms
2026-04-03 00:46:35 INFO Running the evict task with compensationTime 0ms
2026-04-03 00:47:35 INFO Running the evict task with compensationTime 0ms
2026-04-03 00:48:35 INFO Running the evict task with compensationTime 0ms
2026-04-03 00:49:35 INFO Current renewal threshold is : 6
2026-04-03 00:49:35 WARN The replica size seems to be empty. Check the route 53 DNS Registry
2026-04-03 00:49:35 INFO Running the evict task with compensationTime 0ms
2026-04-03 00:50:35 INFO Running the evict task with compensationTime 0ms
